2024-03-24 11:05:36 INFO [32mpytest tests/backend/test_create_build_config.py::TestBuildConfig::test_build_config_not_created_without_required_parameters[project] (setup)[0m
curl -X GET 'http://localhost:8111/authenticationTest.html?csrf' \
-H 'User-Agent: python-requests/2.25.1' \
-H 'Accept-Encoding: gzip, deflate' \
-H 'Accept: */*' \
-H 'Connection: keep-alive' \
-H 'Authorization: Basic OjQ0MjE3MzA1NjY2MDgyODU2Mzc=' \
-d '' 

2024-03-24 11:05:37 INFO [32mpytest tests/backend/test_create_build_config.py::TestBuildConfig::test_build_config_not_created_without_required_parameters[project] (setup)[0m
curl -X POST 'http://localhost:8111/app/rest/projects' \
-H 'User-Agent: python-requests/2.25.1' \
-H 'Accept-Encoding: gzip, deflate' \
-H 'Accept: application/json' \
-H 'Connection: keep-alive' \
-H 'Content-Type: application/json' \
-H 'X-TC-CSRF-Token: c172f4dc-58fa-48ea-a96d-29a6c99081bf' \
-H 'Cookie: RecentLogin=; TCSESSIONID=111F27FD0DA2363ED62267287739AF00' \
-H 'Content-Length: 119' \
-H 'Authorization: Basic OjQ0MjE3MzA1NjY2MDgyODU2Mzc=' \
-d '{"parentProject": {"locator": "_Root"}, "name": "final", "id": "zz58uzmPavlProject", "copyAllAssociatedSettings": true}'
2024-03-24 11:05:37 INFO [32mpytest tests/backend/test_create_build_config.py::TestBuildConfig::test_build_config_not_created_without_required_parameters[project][0m
curl -X POST 'http://localhost:8111/app/rest/buildTypes' \
-H 'User-Agent: python-requests/2.25.1' \
-H 'Accept-Encoding: gzip, deflate' \
-H 'Accept: application/json' \
-H 'Connection: keep-alive' \
-H 'Content-Type: application/json' \
-H 'X-TC-CSRF-Token: c172f4dc-58fa-48ea-a96d-29a6c99081bf' \
-H 'Cookie: TCSESSIONID=111F27FD0DA2363ED62267287739AF00' \
-H 'Content-Length: 311' \
-H 'Authorization: Basic OjQ0MjE3MzA1NjY2MDgyODU2Mzc=' \
-d '{"id": "YVnU6FsxPcDBuild", "name": "receive", "steps": {"step": [{"name": "myCommandLineStep", "type": "simpleRunner", "properties": {"property": [{"name": "script.content", "value": "echo 'Hello World!'"}, {"name": "teamcity.step.mode", "value": "default"}, {"name": "use.custom.script", "value": "true"}]}}]}}' 

2024-03-24 11:05:37 INFO 	RESPONSE:
STATUS_CODE: [31m400[0m
DATA: [31mResponding with error, status code: 400 (Bad Request).
Details: jetbrains.buildServer.server.rest.errors.BadRequestException: Build type creation request should contain project node.
Invalid request. Please check the request URL and data are correct.[0m
2024-03-24 11:05:37 INFO [32mpytest tests/backend/test_create_build_config.py::TestBuildConfig::test_build_config_not_created_without_required_parameters[project][0m
curl -X GET 'http://localhost:8111/app/rest/buildTypes' \
-H 'User-Agent: python-requests/2.25.1' \
-H 'Accept-Encoding: gzip, deflate' \
-H 'Accept: application/json' \
-H 'Connection: keep-alive' \
-H 'Content-Type: application/json' \
-H 'X-TC-CSRF-Token: c172f4dc-58fa-48ea-a96d-29a6c99081bf' \
-H 'Cookie: TCSESSIONID=111F27FD0DA2363ED62267287739AF00' \
-H 'Authorization: Basic OjQ0MjE3MzA1NjY2MDgyODU2Mzc=' \
-d ''
2024-03-24 11:05:37 INFO [32mpytest tests/backend/test_create_build_config.py::TestBuildConfig::test_build_config_not_created_without_required_parameters[project] (teardown)[0m
curl -X GET 'http://localhost:8111/app/rest/projects' \
-H 'User-Agent: python-requests/2.25.1' \
-H 'Accept-Encoding: gzip, deflate' \
-H 'Accept: application/json' \
-H 'Connection: keep-alive' \
-H 'Content-Type: application/json' \
-H 'X-TC-CSRF-Token: c172f4dc-58fa-48ea-a96d-29a6c99081bf' \
-H 'Cookie: TCSESSIONID=111F27FD0DA2363ED62267287739AF00' \
-H 'Authorization: Basic OjQ0MjE3MzA1NjY2MDgyODU2Mzc=' \
-d '' 

2024-03-24 11:05:37 INFO [32mpytest tests/backend/test_create_build_config.py::TestBuildConfig::test_build_config_not_created_without_required_parameters[project] (teardown)[0m
curl -X DELETE 'http://localhost:8111/app/rest/projects/id:zz58uzmPavlProject' \
-H 'User-Agent: python-requests/2.25.1' \
-H 'Accept-Encoding: gzip, deflate' \
-H 'Accept: application/json' \
-H 'Connection: keep-alive' \
-H 'Content-Type: application/json' \
-H 'X-TC-CSRF-Token: c172f4dc-58fa-48ea-a96d-29a6c99081bf' \
-H 'Cookie: TCSESSIONID=111F27FD0DA2363ED62267287739AF00' \
-H 'Content-Length: 0' \
-H 'Authorization: Basic OjQ0MjE3MzA1NjY2MDgyODU2Mzc=' \
-d '' 

2024-03-24 11:05:37 INFO [32mpytest tests/backend/test_create_build_config.py::TestBuildConfig::test_build_config_not_created_without_required_parameters[project] (teardown)[0m
curl -X GET 'http://localhost:8111/app/rest/projects/zz58uzmPavlProject' \
-H 'User-Agent: python-requests/2.25.1' \
-H 'Accept-Encoding: gzip, deflate' \
-H 'Accept: application/json' \
-H 'Connection: keep-alive' \
-H 'Content-Type: application/json' \
-H 'X-TC-CSRF-Token: c172f4dc-58fa-48ea-a96d-29a6c99081bf' \
-H 'Cookie: TCSESSIONID=111F27FD0DA2363ED62267287739AF00' \
-H 'Authorization: Basic OjQ0MjE3MzA1NjY2MDgyODU2Mzc=' \
-d '' 

2024-03-24 11:05:37 INFO 	RESPONSE:
STATUS_CODE: [31m404[0m
DATA: [31mResponding with error, status code: 404 (Not Found).
Details: jetbrains.buildServer.server.rest.errors.NotFoundException: No project found by name or internal/external id 'zz58uzmPavlProject'.
Could not find the entity requested. Check the reference is correct and the user has permissions to access the entity.[0m