2024-03-31 11:05:49 INFO [32mpytest tests/backend/test_create_build_config.py::TestBuildConfig::test_build_config_not_created_without_required_parameters[project] (setup)[0m
curl -X GET 'http://localhost:8111/authenticationTest.html?csrf' \
-H 'User-Agent: python-requests/2.25.1' \
-H 'Accept-Encoding: gzip, deflate' \
-H 'Accept: */*' \
-H 'Connection: keep-alive' \
-H 'Authorization: Basic OjIwODk0OTQ4NzcxNDc3ODk4OTg=' \
-d '' 

2024-03-31 11:05:49 INFO [32mpytest tests/backend/test_create_build_config.py::TestBuildConfig::test_build_config_not_created_without_required_parameters[project] (setup)[0m
curl -X POST 'http://localhost:8111/app/rest/projects' \
-H 'User-Agent: python-requests/2.25.1' \
-H 'Accept-Encoding: gzip, deflate' \
-H 'Accept: application/json' \
-H 'Connection: keep-alive' \
-H 'Content-Type: application/json' \
-H 'X-TC-CSRF-Token: 0f58a0f9-f8cf-4394-ac0f-de524b609fdf' \
-H 'Cookie: RecentLogin=; TCSESSIONID=7BAAA6446556224D389280AA22E23756' \
-H 'Content-Length: 121' \
-H 'Authorization: Basic OjIwODk0OTQ4NzcxNDc3ODk4OTg=' \
-d '{"parentProject": {"locator": "_Root"}, "name": "process", "id": "SYIKPBNvw4QProject", "copyAllAssociatedSettings": true}'
2024-03-31 11:05:49 INFO [32mpytest tests/backend/test_create_build_config.py::TestBuildConfig::test_build_config_not_created_without_required_parameters[project][0m
curl -X POST 'http://localhost:8111/app/rest/buildTypes' \
-H 'User-Agent: python-requests/2.25.1' \
-H 'Accept-Encoding: gzip, deflate' \
-H 'Accept: application/json' \
-H 'Connection: keep-alive' \
-H 'Content-Type: application/json' \
-H 'X-TC-CSRF-Token: 0f58a0f9-f8cf-4394-ac0f-de524b609fdf' \
-H 'Cookie: TCSESSIONID=7BAAA6446556224D389280AA22E23756' \
-H 'Content-Length: 313' \
-H 'Authorization: Basic OjIwODk0OTQ4NzcxNDc3ODk4OTg=' \
-d '{"id": "lvXYWkFm0bKBuild", "name": "recognize", "steps": {"step": [{"name": "myCommandLineStep", "type": "simpleRunner", "properties": {"property": [{"name": "script.content", "value": "echo 'Hello World!'"}, {"name": "teamcity.step.mode", "value": "default"}, {"name": "use.custom.script", "value": "true"}]}}]}}' 

2024-03-31 11:05:49 INFO 	RESPONSE:
STATUS_CODE: [31m400[0m
DATA: [31mResponding with error, status code: 400 (Bad Request).
Details: jetbrains.buildServer.server.rest.errors.BadRequestException: Build type creation request should contain project node.
Invalid request. Please check the request URL and data are correct.[0m
2024-03-31 11:05:49 INFO [32mpytest tests/backend/test_create_build_config.py::TestBuildConfig::test_build_config_not_created_without_required_parameters[project][0m
curl -X GET 'http://localhost:8111/app/rest/buildTypes' \
-H 'User-Agent: python-requests/2.25.1' \
-H 'Accept-Encoding: gzip, deflate' \
-H 'Accept: application/json' \
-H 'Connection: keep-alive' \
-H 'Content-Type: application/json' \
-H 'X-TC-CSRF-Token: 0f58a0f9-f8cf-4394-ac0f-de524b609fdf' \
-H 'Cookie: TCSESSIONID=7BAAA6446556224D389280AA22E23756' \
-H 'Authorization: Basic OjIwODk0OTQ4NzcxNDc3ODk4OTg=' \
-d ''
2024-03-31 11:05:49 INFO [32mpytest tests/backend/test_create_build_config.py::TestBuildConfig::test_build_config_not_created_without_required_parameters[project] (teardown)[0m
curl -X GET 'http://localhost:8111/app/rest/projects' \
-H 'User-Agent: python-requests/2.25.1' \
-H 'Accept-Encoding: gzip, deflate' \
-H 'Accept: application/json' \
-H 'Connection: keep-alive' \
-H 'Content-Type: application/json' \
-H 'X-TC-CSRF-Token: 0f58a0f9-f8cf-4394-ac0f-de524b609fdf' \
-H 'Cookie: TCSESSIONID=7BAAA6446556224D389280AA22E23756' \
-H 'Authorization: Basic OjIwODk0OTQ4NzcxNDc3ODk4OTg=' \
-d '' 

2024-03-31 11:05:49 INFO [32mpytest tests/backend/test_create_build_config.py::TestBuildConfig::test_build_config_not_created_without_required_parameters[project] (teardown)[0m
curl -X DELETE 'http://localhost:8111/app/rest/projects/id:SYIKPBNvw4QProject' \
-H 'User-Agent: python-requests/2.25.1' \
-H 'Accept-Encoding: gzip, deflate' \
-H 'Accept: application/json' \
-H 'Connection: keep-alive' \
-H 'Content-Type: application/json' \
-H 'X-TC-CSRF-Token: 0f58a0f9-f8cf-4394-ac0f-de524b609fdf' \
-H 'Cookie: TCSESSIONID=7BAAA6446556224D389280AA22E23756' \
-H 'Content-Length: 0' \
-H 'Authorization: Basic OjIwODk0OTQ4NzcxNDc3ODk4OTg=' \
-d '' 

2024-03-31 11:05:49 INFO [32mpytest tests/backend/test_create_build_config.py::TestBuildConfig::test_build_config_not_created_without_required_parameters[project] (teardown)[0m
curl -X GET 'http://localhost:8111/app/rest/projects/SYIKPBNvw4QProject' \
-H 'User-Agent: python-requests/2.25.1' \
-H 'Accept-Encoding: gzip, deflate' \
-H 'Accept: application/json' \
-H 'Connection: keep-alive' \
-H 'Content-Type: application/json' \
-H 'X-TC-CSRF-Token: 0f58a0f9-f8cf-4394-ac0f-de524b609fdf' \
-H 'Cookie: TCSESSIONID=7BAAA6446556224D389280AA22E23756' \
-H 'Authorization: Basic OjIwODk0OTQ4NzcxNDc3ODk4OTg=' \
-d '' 

2024-03-31 11:05:49 INFO 	RESPONSE:
STATUS_CODE: [31m404[0m
DATA: [31mResponding with error, status code: 404 (Not Found).
Details: jetbrains.buildServer.server.rest.errors.NotFoundException: No project found by name or internal/external id 'SYIKPBNvw4QProject'.
Could not find the entity requested. Check the reference is correct and the user has permissions to access the entity.[0m