2024-03-27 07:38:17 INFO [32mpytest tests/backend/test_create_project.py::TestCreateProject::test_project_not_created_with_duplicated_name (setup)[0m
curl -X GET 'http://localhost:8111/authenticationTest.html?csrf' \
-H 'User-Agent: python-requests/2.25.1' \
-H 'Accept-Encoding: gzip, deflate' \
-H 'Accept: */*' \
-H 'Connection: keep-alive' \
-H 'Authorization: Basic OjM2NDk5Mzg4MzUwOTExOTYxMDA=' \
-d ''
2024-03-27 07:38:17 INFO [32mpytest tests/backend/test_create_project.py::TestCreateProject::test_project_not_created_with_duplicated_name[0m
curl -X POST 'http://localhost:8111/app/rest/projects' \
-H 'User-Agent: python-requests/2.25.1' \
-H 'Accept-Encoding: gzip, deflate' \
-H 'Accept: application/json' \
-H 'Connection: keep-alive' \
-H 'Content-Type: application/json' \
-H 'X-TC-CSRF-Token: b4608feb-1bec-4aec-8234-b95ea98d9534' \
-H 'Cookie: RecentLogin=; TCSESSIONID=0112329D2B270714F7189E06CA3C08DF' \
-H 'Content-Length: 122' \
-H 'Authorization: Basic OjM2NDk5Mzg4MzUwOTExOTYxMDA=' \
-d '{"parentProject": {"locator": "_Root"}, "name": "continue", "id": "h8zAFL2jmXUProject", "copyAllAssociatedSettings": true}' 

2024-03-27 07:38:17 INFO [32mpytest tests/backend/test_create_project.py::TestCreateProject::test_project_not_created_with_duplicated_name[0m
curl -X POST 'http://localhost:8111/app/rest/projects' \
-H 'User-Agent: python-requests/2.25.1' \
-H 'Accept-Encoding: gzip, deflate' \
-H 'Accept: application/json' \
-H 'Connection: keep-alive' \
-H 'Content-Type: application/json' \
-H 'X-TC-CSRF-Token: b4608feb-1bec-4aec-8234-b95ea98d9534' \
-H 'Cookie: TCSESSIONID=0112329D2B270714F7189E06CA3C08DF' \
-H 'Content-Length: 122' \
-H 'Authorization: Basic OjM2NDk5Mzg4MzUwOTExOTYxMDA=' \
-d '{"parentProject": {"locator": "_Root"}, "name": "continue", "id": "TsJ6E03n78yProject", "copyAllAssociatedSettings": true}' 

2024-03-27 07:38:17 INFO 	RESPONSE:
STATUS_CODE: [31m400[0m
DATA: [31mResponding with error, status code: 400 (Bad Request).
Details: jetbrains.buildServer.serverSide.DuplicateProjectNameException: Project with this name already exists: continue
Error occurred while processing this request.[0m
2024-03-27 07:38:17 INFO [32mpytest tests/backend/test_create_project.py::TestCreateProject::test_project_not_created_with_duplicated_name[0m
curl -X GET 'http://localhost:8111/app/rest/projects' \
-H 'User-Agent: python-requests/2.25.1' \
-H 'Accept-Encoding: gzip, deflate' \
-H 'Accept: application/json' \
-H 'Connection: keep-alive' \
-H 'Content-Type: application/json' \
-H 'X-TC-CSRF-Token: b4608feb-1bec-4aec-8234-b95ea98d9534' \
-H 'Cookie: TCSESSIONID=0112329D2B270714F7189E06CA3C08DF' \
-H 'Authorization: Basic OjM2NDk5Mzg4MzUwOTExOTYxMDA=' \
-d ''
2024-03-27 07:38:17 INFO [32mpytest tests/backend/test_create_project.py::TestCreateProject::test_project_not_created_with_duplicated_name (teardown)[0m
curl -X GET 'http://localhost:8111/app/rest/projects' \
-H 'User-Agent: python-requests/2.25.1' \
-H 'Accept-Encoding: gzip, deflate' \
-H 'Accept: application/json' \
-H 'Connection: keep-alive' \
-H 'Content-Type: application/json' \
-H 'X-TC-CSRF-Token: b4608feb-1bec-4aec-8234-b95ea98d9534' \
-H 'Cookie: TCSESSIONID=0112329D2B270714F7189E06CA3C08DF' \
-H 'Authorization: Basic OjM2NDk5Mzg4MzUwOTExOTYxMDA=' \
-d '' 

2024-03-27 07:38:17 INFO [32mpytest tests/backend/test_create_project.py::TestCreateProject::test_project_not_created_with_duplicated_name (teardown)[0m
curl -X DELETE 'http://localhost:8111/app/rest/projects/id:h8zAFL2jmXUProject' \
-H 'User-Agent: python-requests/2.25.1' \
-H 'Accept-Encoding: gzip, deflate' \
-H 'Accept: application/json' \
-H 'Connection: keep-alive' \
-H 'Content-Type: application/json' \
-H 'X-TC-CSRF-Token: b4608feb-1bec-4aec-8234-b95ea98d9534' \
-H 'Cookie: TCSESSIONID=0112329D2B270714F7189E06CA3C08DF' \
-H 'Content-Length: 0' \
-H 'Authorization: Basic OjM2NDk5Mzg4MzUwOTExOTYxMDA=' \
-d '' 

2024-03-27 07:38:17 INFO [32mpytest tests/backend/test_create_project.py::TestCreateProject::test_project_not_created_with_duplicated_name (teardown)[0m
curl -X GET 'http://localhost:8111/app/rest/projects/h8zAFL2jmXUProject' \
-H 'User-Agent: python-requests/2.25.1' \
-H 'Accept-Encoding: gzip, deflate' \
-H 'Accept: application/json' \
-H 'Connection: keep-alive' \
-H 'Content-Type: application/json' \
-H 'X-TC-CSRF-Token: b4608feb-1bec-4aec-8234-b95ea98d9534' \
-H 'Cookie: TCSESSIONID=0112329D2B270714F7189E06CA3C08DF' \
-H 'Authorization: Basic OjM2NDk5Mzg4MzUwOTExOTYxMDA=' \
-d '' 

2024-03-27 07:38:17 INFO 	RESPONSE:
STATUS_CODE: [31m404[0m
DATA: [31mResponding with error, status code: 404 (Not Found).
Details: jetbrains.buildServer.server.rest.errors.NotFoundException: No project found by name or internal/external id 'h8zAFL2jmXUProject'.
Could not find the entity requested. Check the reference is correct and the user has permissions to access the entity.[0m
2024-03-27 07:38:17 INFO [32mpytest tests/backend/test_create_project.py::TestCreateProject::test_project_not_created_with_duplicated_name (teardown)[0m
curl -X GET 'http://localhost:8111/app/rest/projects' \
-H 'User-Agent: python-requests/2.25.1' \
-H 'Accept-Encoding: gzip, deflate' \
-H 'Accept: application/json' \
-H 'Connection: keep-alive' \
-H 'Content-Type: application/json' \
-H 'X-TC-CSRF-Token: b4608feb-1bec-4aec-8234-b95ea98d9534' \
-H 'Cookie: TCSESSIONID=0112329D2B270714F7189E06CA3C08DF' \
-H 'Authorization: Basic OjM2NDk5Mzg4MzUwOTExOTYxMDA=' \
-d ''