2024-03-27 07:38:15 INFO [32mpytest tests/backend/test_create_build_config.py::TestBuildConfig::test_build_config_not_created_without_required_parameters[project] (setup)[0m
curl -X GET 'http://localhost:8111/authenticationTest.html?csrf' \
-H 'User-Agent: python-requests/2.25.1' \
-H 'Accept-Encoding: gzip, deflate' \
-H 'Accept: */*' \
-H 'Connection: keep-alive' \
-H 'Authorization: Basic OjM2NDk5Mzg4MzUwOTExOTYxMDA=' \
-d '' 

2024-03-27 07:38:15 INFO [32mpytest tests/backend/test_create_build_config.py::TestBuildConfig::test_build_config_not_created_without_required_parameters[project] (setup)[0m
curl -X POST 'http://localhost:8111/app/rest/projects' \
-H 'User-Agent: python-requests/2.25.1' \
-H 'Accept-Encoding: gzip, deflate' \
-H 'Accept: application/json' \
-H 'Connection: keep-alive' \
-H 'Content-Type: application/json' \
-H 'X-TC-CSRF-Token: 981240fd-1014-4c6a-bc46-4d0f4b15573f' \
-H 'Cookie: RecentLogin=; TCSESSIONID=9135800DA4CCC09A521DA1111FA53101' \
-H 'Content-Length: 121' \
-H 'Authorization: Basic OjM2NDk5Mzg4MzUwOTExOTYxMDA=' \
-d '{"parentProject": {"locator": "_Root"}, "name": "discuss", "id": "KJQvcFXuugjProject", "copyAllAssociatedSettings": true}'
2024-03-27 07:38:15 INFO [32mpytest tests/backend/test_create_build_config.py::TestBuildConfig::test_build_config_not_created_without_required_parameters[project][0m
curl -X POST 'http://localhost:8111/app/rest/buildTypes' \
-H 'User-Agent: python-requests/2.25.1' \
-H 'Accept-Encoding: gzip, deflate' \
-H 'Accept: application/json' \
-H 'Connection: keep-alive' \
-H 'Content-Type: application/json' \
-H 'X-TC-CSRF-Token: 981240fd-1014-4c6a-bc46-4d0f4b15573f' \
-H 'Cookie: TCSESSIONID=9135800DA4CCC09A521DA1111FA53101' \
-H 'Content-Length: 310' \
-H 'Authorization: Basic OjM2NDk5Mzg4MzUwOTExOTYxMDA=' \
-d '{"id": "UWUgR37deVYBuild", "name": "ground", "steps": {"step": [{"name": "myCommandLineStep", "type": "simpleRunner", "properties": {"property": [{"name": "script.content", "value": "echo 'Hello World!'"}, {"name": "teamcity.step.mode", "value": "default"}, {"name": "use.custom.script", "value": "true"}]}}]}}' 

2024-03-27 07:38:15 INFO 	RESPONSE:
STATUS_CODE: [31m400[0m
DATA: [31mResponding with error, status code: 400 (Bad Request).
Details: jetbrains.buildServer.server.rest.errors.BadRequestException: Build type creation request should contain project node.
Invalid request. Please check the request URL and data are correct.[0m
2024-03-27 07:38:15 INFO [32mpytest tests/backend/test_create_build_config.py::TestBuildConfig::test_build_config_not_created_without_required_parameters[project][0m
curl -X GET 'http://localhost:8111/app/rest/buildTypes' \
-H 'User-Agent: python-requests/2.25.1' \
-H 'Accept-Encoding: gzip, deflate' \
-H 'Accept: application/json' \
-H 'Connection: keep-alive' \
-H 'Content-Type: application/json' \
-H 'X-TC-CSRF-Token: 981240fd-1014-4c6a-bc46-4d0f4b15573f' \
-H 'Cookie: TCSESSIONID=9135800DA4CCC09A521DA1111FA53101' \
-H 'Authorization: Basic OjM2NDk5Mzg4MzUwOTExOTYxMDA=' \
-d ''
2024-03-27 07:38:15 INFO [32mpytest tests/backend/test_create_build_config.py::TestBuildConfig::test_build_config_not_created_without_required_parameters[project] (teardown)[0m
curl -X GET 'http://localhost:8111/app/rest/projects' \
-H 'User-Agent: python-requests/2.25.1' \
-H 'Accept-Encoding: gzip, deflate' \
-H 'Accept: application/json' \
-H 'Connection: keep-alive' \
-H 'Content-Type: application/json' \
-H 'X-TC-CSRF-Token: 981240fd-1014-4c6a-bc46-4d0f4b15573f' \
-H 'Cookie: TCSESSIONID=9135800DA4CCC09A521DA1111FA53101' \
-H 'Authorization: Basic OjM2NDk5Mzg4MzUwOTExOTYxMDA=' \
-d '' 

2024-03-27 07:38:15 INFO [32mpytest tests/backend/test_create_build_config.py::TestBuildConfig::test_build_config_not_created_without_required_parameters[project] (teardown)[0m
curl -X DELETE 'http://localhost:8111/app/rest/projects/id:KJQvcFXuugjProject' \
-H 'User-Agent: python-requests/2.25.1' \
-H 'Accept-Encoding: gzip, deflate' \
-H 'Accept: application/json' \
-H 'Connection: keep-alive' \
-H 'Content-Type: application/json' \
-H 'X-TC-CSRF-Token: 981240fd-1014-4c6a-bc46-4d0f4b15573f' \
-H 'Cookie: TCSESSIONID=9135800DA4CCC09A521DA1111FA53101' \
-H 'Content-Length: 0' \
-H 'Authorization: Basic OjM2NDk5Mzg4MzUwOTExOTYxMDA=' \
-d '' 

2024-03-27 07:38:15 INFO [32mpytest tests/backend/test_create_build_config.py::TestBuildConfig::test_build_config_not_created_without_required_parameters[project] (teardown)[0m
curl -X GET 'http://localhost:8111/app/rest/projects/KJQvcFXuugjProject' \
-H 'User-Agent: python-requests/2.25.1' \
-H 'Accept-Encoding: gzip, deflate' \
-H 'Accept: application/json' \
-H 'Connection: keep-alive' \
-H 'Content-Type: application/json' \
-H 'X-TC-CSRF-Token: 981240fd-1014-4c6a-bc46-4d0f4b15573f' \
-H 'Cookie: TCSESSIONID=9135800DA4CCC09A521DA1111FA53101' \
-H 'Authorization: Basic OjM2NDk5Mzg4MzUwOTExOTYxMDA=' \
-d '' 

2024-03-27 07:38:15 INFO 	RESPONSE:
STATUS_CODE: [31m404[0m
DATA: [31mResponding with error, status code: 404 (Not Found).
Details: jetbrains.buildServer.server.rest.errors.NotFoundException: No project found by name or internal/external id 'KJQvcFXuugjProject'.
Could not find the entity requested. Check the reference is correct and the user has permissions to access the entity.[0m