2024-04-05 14:25:59 INFO [32mpytest tests/backend/test_create_build_config.py::TestBuildConfig::test_build_config_not_created_without_required_parameters[name] (setup)[0m
curl -X GET 'http://localhost:8111/authenticationTest.html?csrf' \
-H 'User-Agent: python-requests/2.25.1' \
-H 'Accept-Encoding: gzip, deflate' \
-H 'Accept: */*' \
-H 'Connection: keep-alive' \
-H 'Authorization: Basic OjQ1MTY2MzY1NzQzNjU3NTEwODk=' \
-d '' 

2024-04-05 14:25:59 INFO [32mpytest tests/backend/test_create_build_config.py::TestBuildConfig::test_build_config_not_created_without_required_parameters[name] (setup)[0m
curl -X POST 'http://localhost:8111/app/rest/projects' \
-H 'User-Agent: python-requests/2.25.1' \
-H 'Accept-Encoding: gzip, deflate' \
-H 'Accept: application/json' \
-H 'Connection: keep-alive' \
-H 'Content-Type: application/json' \
-H 'X-TC-CSRF-Token: c3ef0ea6-cccc-410b-8f5b-d773a919d370' \
-H 'Cookie: RecentLogin=; TCSESSIONID=1142622A686409D30CA579E682AA7ABD' \
-H 'Content-Length: 120' \
-H 'Authorization: Basic OjQ1MTY2MzY1NzQzNjU3NTEwODk=' \
-d '{"parentProject": {"locator": "_Root"}, "name": "should", "id": "lP2YMbSst6OProject", "copyAllAssociatedSettings": true}'
2024-04-05 14:25:59 INFO [32mpytest tests/backend/test_create_build_config.py::TestBuildConfig::test_build_config_not_created_without_required_parameters[name][0m
curl -X POST 'http://localhost:8111/app/rest/buildTypes' \
-H 'User-Agent: python-requests/2.25.1' \
-H 'Accept-Encoding: gzip, deflate' \
-H 'Accept: application/json' \
-H 'Connection: keep-alive' \
-H 'Content-Type: application/json' \
-H 'X-TC-CSRF-Token: c3ef0ea6-cccc-410b-8f5b-d773a919d370' \
-H 'Cookie: TCSESSIONID=1142622A686409D30CA579E682AA7ABD' \
-H 'Content-Length: 333' \
-H 'Authorization: Basic OjQ1MTY2MzY1NzQzNjU3NTEwODk=' \
-d '{"id": "mXuX0r2VlbXBuild", "project": {"id": "lP2YMbSst6OProject"}, "steps": {"step": [{"name": "myCommandLineStep", "type": "simpleRunner", "properties": {"property": [{"name": "script.content", "value": "echo 'Hello World!'"}, {"name": "teamcity.step.mode", "value": "default"}, {"name": "use.custom.script", "value": "true"}]}}]}}' 

2024-04-05 14:25:59 INFO 	RESPONSE:
STATUS_CODE: [31m400[0m
DATA: [31mResponding with error, status code: 400 (Bad Request).
Details: jetbrains.buildServer.server.rest.errors.BadRequestException: When creating a build type, non empty name should be provided.
Invalid request. Please check the request URL and data are correct.[0m
2024-04-05 14:25:59 INFO [32mpytest tests/backend/test_create_build_config.py::TestBuildConfig::test_build_config_not_created_without_required_parameters[name][0m
curl -X GET 'http://localhost:8111/app/rest/buildTypes' \
-H 'User-Agent: python-requests/2.25.1' \
-H 'Accept-Encoding: gzip, deflate' \
-H 'Accept: application/json' \
-H 'Connection: keep-alive' \
-H 'Content-Type: application/json' \
-H 'X-TC-CSRF-Token: c3ef0ea6-cccc-410b-8f5b-d773a919d370' \
-H 'Cookie: TCSESSIONID=1142622A686409D30CA579E682AA7ABD' \
-H 'Authorization: Basic OjQ1MTY2MzY1NzQzNjU3NTEwODk=' \
-d ''
2024-04-05 14:25:59 INFO [32mpytest tests/backend/test_create_build_config.py::TestBuildConfig::test_build_config_not_created_without_required_parameters[name] (teardown)[0m
curl -X GET 'http://localhost:8111/app/rest/projects' \
-H 'User-Agent: python-requests/2.25.1' \
-H 'Accept-Encoding: gzip, deflate' \
-H 'Accept: application/json' \
-H 'Connection: keep-alive' \
-H 'Content-Type: application/json' \
-H 'X-TC-CSRF-Token: c3ef0ea6-cccc-410b-8f5b-d773a919d370' \
-H 'Cookie: TCSESSIONID=1142622A686409D30CA579E682AA7ABD' \
-H 'Authorization: Basic OjQ1MTY2MzY1NzQzNjU3NTEwODk=' \
-d '' 

2024-04-05 14:25:59 INFO [32mpytest tests/backend/test_create_build_config.py::TestBuildConfig::test_build_config_not_created_without_required_parameters[name] (teardown)[0m
curl -X DELETE 'http://localhost:8111/app/rest/projects/id:lP2YMbSst6OProject' \
-H 'User-Agent: python-requests/2.25.1' \
-H 'Accept-Encoding: gzip, deflate' \
-H 'Accept: application/json' \
-H 'Connection: keep-alive' \
-H 'Content-Type: application/json' \
-H 'X-TC-CSRF-Token: c3ef0ea6-cccc-410b-8f5b-d773a919d370' \
-H 'Cookie: TCSESSIONID=1142622A686409D30CA579E682AA7ABD' \
-H 'Content-Length: 0' \
-H 'Authorization: Basic OjQ1MTY2MzY1NzQzNjU3NTEwODk=' \
-d '' 

2024-04-05 14:25:59 INFO [32mpytest tests/backend/test_create_build_config.py::TestBuildConfig::test_build_config_not_created_without_required_parameters[name] (teardown)[0m
curl -X GET 'http://localhost:8111/app/rest/projects/lP2YMbSst6OProject' \
-H 'User-Agent: python-requests/2.25.1' \
-H 'Accept-Encoding: gzip, deflate' \
-H 'Accept: application/json' \
-H 'Connection: keep-alive' \
-H 'Content-Type: application/json' \
-H 'X-TC-CSRF-Token: c3ef0ea6-cccc-410b-8f5b-d773a919d370' \
-H 'Cookie: TCSESSIONID=1142622A686409D30CA579E682AA7ABD' \
-H 'Authorization: Basic OjQ1MTY2MzY1NzQzNjU3NTEwODk=' \
-d '' 

2024-04-05 14:25:59 INFO 	RESPONSE:
STATUS_CODE: [31m404[0m
DATA: [31mResponding with error, status code: 404 (Not Found).
Details: jetbrains.buildServer.server.rest.errors.NotFoundException: No project found by name or internal/external id 'lP2YMbSst6OProject'.
Could not find the entity requested. Check the reference is correct and the user has permissions to access the entity.[0m