2024-04-05 14:50:49 INFO [32mpytest tests/backend/test_create_build_config.py::TestBuildConfig::test_build_config_not_created_without_required_parameters[project] (setup)[0m
curl -X GET 'http://localhost:8111/authenticationTest.html?csrf' \
-H 'User-Agent: python-requests/2.25.1' \
-H 'Accept-Encoding: gzip, deflate' \
-H 'Accept: */*' \
-H 'Connection: keep-alive' \
-H 'Authorization: Basic OjgzMjU5MDY3Nzc2MDkxMjgxOTg=' \
-d '' 

2024-04-05 14:50:49 INFO [32mpytest tests/backend/test_create_build_config.py::TestBuildConfig::test_build_config_not_created_without_required_parameters[project] (setup)[0m
curl -X POST 'http://localhost:8111/app/rest/projects' \
-H 'User-Agent: python-requests/2.25.1' \
-H 'Accept-Encoding: gzip, deflate' \
-H 'Accept: application/json' \
-H 'Connection: keep-alive' \
-H 'Content-Type: application/json' \
-H 'X-TC-CSRF-Token: 62e70706-0a42-40c8-8ea9-ea0e5c3c4e5d' \
-H 'Cookie: RecentLogin=; TCSESSIONID=23C9345134ED8AFC50996EE2D0F6AB4E' \
-H 'Content-Length: 119' \
-H 'Authorization: Basic OjgzMjU5MDY3Nzc2MDkxMjgxOTg=' \
-d '{"parentProject": {"locator": "_Root"}, "name": "night", "id": "H6IV8AXBn1PProject", "copyAllAssociatedSettings": true}'
2024-04-05 14:50:49 INFO [32mpytest tests/backend/test_create_build_config.py::TestBuildConfig::test_build_config_not_created_without_required_parameters[project][0m
curl -X POST 'http://localhost:8111/app/rest/buildTypes' \
-H 'User-Agent: python-requests/2.25.1' \
-H 'Accept-Encoding: gzip, deflate' \
-H 'Accept: application/json' \
-H 'Connection: keep-alive' \
-H 'Content-Type: application/json' \
-H 'X-TC-CSRF-Token: 62e70706-0a42-40c8-8ea9-ea0e5c3c4e5d' \
-H 'Cookie: TCSESSIONID=23C9345134ED8AFC50996EE2D0F6AB4E' \
-H 'Content-Length: 308' \
-H 'Authorization: Basic OjgzMjU5MDY3Nzc2MDkxMjgxOTg=' \
-d '{"id": "XgwmuU9zPD8Build", "name": "also", "steps": {"step": [{"name": "myCommandLineStep", "type": "simpleRunner", "properties": {"property": [{"name": "script.content", "value": "echo 'Hello World!'"}, {"name": "teamcity.step.mode", "value": "default"}, {"name": "use.custom.script", "value": "true"}]}}]}}' 

2024-04-05 14:50:49 INFO 	RESPONSE:
STATUS_CODE: [31m400[0m
DATA: [31mResponding with error, status code: 400 (Bad Request).
Details: jetbrains.buildServer.server.rest.errors.BadRequestException: Build type creation request should contain project node.
Invalid request. Please check the request URL and data are correct.[0m
2024-04-05 14:50:49 INFO [32mpytest tests/backend/test_create_build_config.py::TestBuildConfig::test_build_config_not_created_without_required_parameters[project][0m
curl -X GET 'http://localhost:8111/app/rest/buildTypes' \
-H 'User-Agent: python-requests/2.25.1' \
-H 'Accept-Encoding: gzip, deflate' \
-H 'Accept: application/json' \
-H 'Connection: keep-alive' \
-H 'Content-Type: application/json' \
-H 'X-TC-CSRF-Token: 62e70706-0a42-40c8-8ea9-ea0e5c3c4e5d' \
-H 'Cookie: TCSESSIONID=23C9345134ED8AFC50996EE2D0F6AB4E' \
-H 'Authorization: Basic OjgzMjU5MDY3Nzc2MDkxMjgxOTg=' \
-d ''
2024-04-05 14:50:49 INFO [32mpytest tests/backend/test_create_build_config.py::TestBuildConfig::test_build_config_not_created_without_required_parameters[project] (teardown)[0m
curl -X GET 'http://localhost:8111/app/rest/projects' \
-H 'User-Agent: python-requests/2.25.1' \
-H 'Accept-Encoding: gzip, deflate' \
-H 'Accept: application/json' \
-H 'Connection: keep-alive' \
-H 'Content-Type: application/json' \
-H 'X-TC-CSRF-Token: 62e70706-0a42-40c8-8ea9-ea0e5c3c4e5d' \
-H 'Cookie: TCSESSIONID=23C9345134ED8AFC50996EE2D0F6AB4E' \
-H 'Authorization: Basic OjgzMjU5MDY3Nzc2MDkxMjgxOTg=' \
-d '' 

2024-04-05 14:50:49 INFO [32mpytest tests/backend/test_create_build_config.py::TestBuildConfig::test_build_config_not_created_without_required_parameters[project] (teardown)[0m
curl -X DELETE 'http://localhost:8111/app/rest/projects/id:H6IV8AXBn1PProject' \
-H 'User-Agent: python-requests/2.25.1' \
-H 'Accept-Encoding: gzip, deflate' \
-H 'Accept: application/json' \
-H 'Connection: keep-alive' \
-H 'Content-Type: application/json' \
-H 'X-TC-CSRF-Token: 62e70706-0a42-40c8-8ea9-ea0e5c3c4e5d' \
-H 'Cookie: TCSESSIONID=23C9345134ED8AFC50996EE2D0F6AB4E' \
-H 'Content-Length: 0' \
-H 'Authorization: Basic OjgzMjU5MDY3Nzc2MDkxMjgxOTg=' \
-d '' 

2024-04-05 14:50:49 INFO [32mpytest tests/backend/test_create_build_config.py::TestBuildConfig::test_build_config_not_created_without_required_parameters[project] (teardown)[0m
curl -X GET 'http://localhost:8111/app/rest/projects/H6IV8AXBn1PProject' \
-H 'User-Agent: python-requests/2.25.1' \
-H 'Accept-Encoding: gzip, deflate' \
-H 'Accept: application/json' \
-H 'Connection: keep-alive' \
-H 'Content-Type: application/json' \
-H 'X-TC-CSRF-Token: 62e70706-0a42-40c8-8ea9-ea0e5c3c4e5d' \
-H 'Cookie: TCSESSIONID=23C9345134ED8AFC50996EE2D0F6AB4E' \
-H 'Authorization: Basic OjgzMjU5MDY3Nzc2MDkxMjgxOTg=' \
-d '' 

2024-04-05 14:50:49 INFO 	RESPONSE:
STATUS_CODE: [31m404[0m
DATA: [31mResponding with error, status code: 404 (Not Found).
Details: jetbrains.buildServer.server.rest.errors.NotFoundException: No project found by name or internal/external id 'H6IV8AXBn1PProject'.
Could not find the entity requested. Check the reference is correct and the user has permissions to access the entity.[0m