2024-03-24 14:08:58 INFO [32mpytest tests/backend/test_create_build_config.py::TestBuildConfig::test_build_config_not_created_without_required_parameters[name] (setup)[0m
curl -X GET 'http://localhost:8111/authenticationTest.html?csrf' \
-H 'User-Agent: python-requests/2.25.1' \
-H 'Accept-Encoding: gzip, deflate' \
-H 'Accept: */*' \
-H 'Connection: keep-alive' \
-H 'Authorization: Basic OjkwNjI2MjYzODQwOTM5MTM1ODc=' \
-d '' 

2024-03-24 14:08:59 INFO [32mpytest tests/backend/test_create_build_config.py::TestBuildConfig::test_build_config_not_created_without_required_parameters[name] (setup)[0m
curl -X POST 'http://localhost:8111/app/rest/projects' \
-H 'User-Agent: python-requests/2.25.1' \
-H 'Accept-Encoding: gzip, deflate' \
-H 'Accept: application/json' \
-H 'Connection: keep-alive' \
-H 'Content-Type: application/json' \
-H 'X-TC-CSRF-Token: 8c1f9054-3758-4cb8-b473-c4db69c16de0' \
-H 'Cookie: RecentLogin=; TCSESSIONID=AB3DC9434854070B9F0C57EC61A20C64' \
-H 'Content-Length: 119' \
-H 'Authorization: Basic OjkwNjI2MjYzODQwOTM5MTM1ODc=' \
-d '{"parentProject": {"locator": "_Root"}, "name": "owner", "id": "dvF9ex1qQ3xProject", "copyAllAssociatedSettings": true}'
2024-03-24 14:08:59 INFO [32mpytest tests/backend/test_create_build_config.py::TestBuildConfig::test_build_config_not_created_without_required_parameters[name][0m
curl -X POST 'http://localhost:8111/app/rest/buildTypes' \
-H 'User-Agent: python-requests/2.25.1' \
-H 'Accept-Encoding: gzip, deflate' \
-H 'Accept: application/json' \
-H 'Connection: keep-alive' \
-H 'Content-Type: application/json' \
-H 'X-TC-CSRF-Token: 8c1f9054-3758-4cb8-b473-c4db69c16de0' \
-H 'Cookie: TCSESSIONID=AB3DC9434854070B9F0C57EC61A20C64' \
-H 'Content-Length: 333' \
-H 'Authorization: Basic OjkwNjI2MjYzODQwOTM5MTM1ODc=' \
-d '{"id": "xlXj3eA2Cb8Build", "project": {"id": "dvF9ex1qQ3xProject"}, "steps": {"step": [{"name": "myCommandLineStep", "type": "simpleRunner", "properties": {"property": [{"name": "script.content", "value": "echo 'Hello World!'"}, {"name": "teamcity.step.mode", "value": "default"}, {"name": "use.custom.script", "value": "true"}]}}]}}' 

2024-03-24 14:08:59 INFO 	RESPONSE:
STATUS_CODE: [31m400[0m
DATA: [31mResponding with error, status code: 400 (Bad Request).
Details: jetbrains.buildServer.server.rest.errors.BadRequestException: When creating a build type, non empty name should be provided.
Invalid request. Please check the request URL and data are correct.[0m
2024-03-24 14:08:59 INFO [32mpytest tests/backend/test_create_build_config.py::TestBuildConfig::test_build_config_not_created_without_required_parameters[name][0m
curl -X GET 'http://localhost:8111/app/rest/buildTypes' \
-H 'User-Agent: python-requests/2.25.1' \
-H 'Accept-Encoding: gzip, deflate' \
-H 'Accept: application/json' \
-H 'Connection: keep-alive' \
-H 'Content-Type: application/json' \
-H 'X-TC-CSRF-Token: 8c1f9054-3758-4cb8-b473-c4db69c16de0' \
-H 'Cookie: TCSESSIONID=AB3DC9434854070B9F0C57EC61A20C64' \
-H 'Authorization: Basic OjkwNjI2MjYzODQwOTM5MTM1ODc=' \
-d ''
2024-03-24 14:08:59 INFO [32mpytest tests/backend/test_create_build_config.py::TestBuildConfig::test_build_config_not_created_without_required_parameters[name] (teardown)[0m
curl -X GET 'http://localhost:8111/app/rest/projects' \
-H 'User-Agent: python-requests/2.25.1' \
-H 'Accept-Encoding: gzip, deflate' \
-H 'Accept: application/json' \
-H 'Connection: keep-alive' \
-H 'Content-Type: application/json' \
-H 'X-TC-CSRF-Token: 8c1f9054-3758-4cb8-b473-c4db69c16de0' \
-H 'Cookie: TCSESSIONID=AB3DC9434854070B9F0C57EC61A20C64' \
-H 'Authorization: Basic OjkwNjI2MjYzODQwOTM5MTM1ODc=' \
-d '' 

2024-03-24 14:08:59 INFO [32mpytest tests/backend/test_create_build_config.py::TestBuildConfig::test_build_config_not_created_without_required_parameters[name] (teardown)[0m
curl -X DELETE 'http://localhost:8111/app/rest/projects/id:dvF9ex1qQ3xProject' \
-H 'User-Agent: python-requests/2.25.1' \
-H 'Accept-Encoding: gzip, deflate' \
-H 'Accept: application/json' \
-H 'Connection: keep-alive' \
-H 'Content-Type: application/json' \
-H 'X-TC-CSRF-Token: 8c1f9054-3758-4cb8-b473-c4db69c16de0' \
-H 'Cookie: TCSESSIONID=AB3DC9434854070B9F0C57EC61A20C64' \
-H 'Content-Length: 0' \
-H 'Authorization: Basic OjkwNjI2MjYzODQwOTM5MTM1ODc=' \
-d '' 

2024-03-24 14:08:59 INFO [32mpytest tests/backend/test_create_build_config.py::TestBuildConfig::test_build_config_not_created_without_required_parameters[name] (teardown)[0m
curl -X GET 'http://localhost:8111/app/rest/projects/dvF9ex1qQ3xProject' \
-H 'User-Agent: python-requests/2.25.1' \
-H 'Accept-Encoding: gzip, deflate' \
-H 'Accept: application/json' \
-H 'Connection: keep-alive' \
-H 'Content-Type: application/json' \
-H 'X-TC-CSRF-Token: 8c1f9054-3758-4cb8-b473-c4db69c16de0' \
-H 'Cookie: TCSESSIONID=AB3DC9434854070B9F0C57EC61A20C64' \
-H 'Authorization: Basic OjkwNjI2MjYzODQwOTM5MTM1ODc=' \
-d '' 

2024-03-24 14:08:59 INFO 	RESPONSE:
STATUS_CODE: [31m404[0m
DATA: [31mResponding with error, status code: 404 (Not Found).
Details: jetbrains.buildServer.server.rest.errors.NotFoundException: No project found by name or internal/external id 'dvF9ex1qQ3xProject'.
Could not find the entity requested. Check the reference is correct and the user has permissions to access the entity.[0m