2024-03-26 20:32:44 INFO [32mpytest tests/backend/test_create_build_config.py::TestBuildConfig::test_build_config_not_created_without_required_parameters[project] (setup)[0m
curl -X GET 'http://localhost:8111/authenticationTest.html?csrf' \
-H 'User-Agent: python-requests/2.25.1' \
-H 'Accept-Encoding: gzip, deflate' \
-H 'Accept: */*' \
-H 'Connection: keep-alive' \
-H 'Authorization: Basic OjE1NDkyNzI0NzQyNTcyODc2ODk=' \
-d '' 

2024-03-26 20:32:44 INFO [32mpytest tests/backend/test_create_build_config.py::TestBuildConfig::test_build_config_not_created_without_required_parameters[project] (setup)[0m
curl -X POST 'http://localhost:8111/app/rest/projects' \
-H 'User-Agent: python-requests/2.25.1' \
-H 'Accept-Encoding: gzip, deflate' \
-H 'Accept: application/json' \
-H 'Connection: keep-alive' \
-H 'Content-Type: application/json' \
-H 'X-TC-CSRF-Token: 22e40624-7c4c-4840-80c8-0857e2376f1d' \
-H 'Cookie: RecentLogin=; TCSESSIONID=99128642277B000480F0407A4D90AA35' \
-H 'Content-Length: 118' \
-H 'Authorization: Basic OjE1NDkyNzI0NzQyNTcyODc2ODk=' \
-d '{"parentProject": {"locator": "_Root"}, "name": "food", "id": "A8cMbQbGeCpProject", "copyAllAssociatedSettings": true}'
2024-03-26 20:32:44 INFO [32mpytest tests/backend/test_create_build_config.py::TestBuildConfig::test_build_config_not_created_without_required_parameters[project][0m
curl -X POST 'http://localhost:8111/app/rest/buildTypes' \
-H 'User-Agent: python-requests/2.25.1' \
-H 'Accept-Encoding: gzip, deflate' \
-H 'Accept: application/json' \
-H 'Connection: keep-alive' \
-H 'Content-Type: application/json' \
-H 'X-TC-CSRF-Token: 22e40624-7c4c-4840-80c8-0857e2376f1d' \
-H 'Cookie: TCSESSIONID=99128642277B000480F0407A4D90AA35' \
-H 'Content-Length: 307' \
-H 'Authorization: Basic OjE1NDkyNzI0NzQyNTcyODc2ODk=' \
-d '{"id": "IhXxYYgXZQNBuild", "name": "ask", "steps": {"step": [{"name": "myCommandLineStep", "type": "simpleRunner", "properties": {"property": [{"name": "script.content", "value": "echo 'Hello World!'"}, {"name": "teamcity.step.mode", "value": "default"}, {"name": "use.custom.script", "value": "true"}]}}]}}' 

2024-03-26 20:32:44 INFO 	RESPONSE:
STATUS_CODE: [31m400[0m
DATA: [31mResponding with error, status code: 400 (Bad Request).
Details: jetbrains.buildServer.server.rest.errors.BadRequestException: Build type creation request should contain project node.
Invalid request. Please check the request URL and data are correct.[0m
2024-03-26 20:32:44 INFO [32mpytest tests/backend/test_create_build_config.py::TestBuildConfig::test_build_config_not_created_without_required_parameters[project][0m
curl -X GET 'http://localhost:8111/app/rest/buildTypes' \
-H 'User-Agent: python-requests/2.25.1' \
-H 'Accept-Encoding: gzip, deflate' \
-H 'Accept: application/json' \
-H 'Connection: keep-alive' \
-H 'Content-Type: application/json' \
-H 'X-TC-CSRF-Token: 22e40624-7c4c-4840-80c8-0857e2376f1d' \
-H 'Cookie: TCSESSIONID=99128642277B000480F0407A4D90AA35' \
-H 'Authorization: Basic OjE1NDkyNzI0NzQyNTcyODc2ODk=' \
-d ''
2024-03-26 20:32:45 INFO [32mpytest tests/backend/test_create_build_config.py::TestBuildConfig::test_build_config_not_created_without_required_parameters[project] (teardown)[0m
curl -X GET 'http://localhost:8111/app/rest/projects' \
-H 'User-Agent: python-requests/2.25.1' \
-H 'Accept-Encoding: gzip, deflate' \
-H 'Accept: application/json' \
-H 'Connection: keep-alive' \
-H 'Content-Type: application/json' \
-H 'X-TC-CSRF-Token: 22e40624-7c4c-4840-80c8-0857e2376f1d' \
-H 'Cookie: TCSESSIONID=99128642277B000480F0407A4D90AA35' \
-H 'Authorization: Basic OjE1NDkyNzI0NzQyNTcyODc2ODk=' \
-d '' 

2024-03-26 20:32:45 INFO [32mpytest tests/backend/test_create_build_config.py::TestBuildConfig::test_build_config_not_created_without_required_parameters[project] (teardown)[0m
curl -X DELETE 'http://localhost:8111/app/rest/projects/id:A8cMbQbGeCpProject' \
-H 'User-Agent: python-requests/2.25.1' \
-H 'Accept-Encoding: gzip, deflate' \
-H 'Accept: application/json' \
-H 'Connection: keep-alive' \
-H 'Content-Type: application/json' \
-H 'X-TC-CSRF-Token: 22e40624-7c4c-4840-80c8-0857e2376f1d' \
-H 'Cookie: TCSESSIONID=99128642277B000480F0407A4D90AA35' \
-H 'Content-Length: 0' \
-H 'Authorization: Basic OjE1NDkyNzI0NzQyNTcyODc2ODk=' \
-d '' 

2024-03-26 20:32:45 INFO [32mpytest tests/backend/test_create_build_config.py::TestBuildConfig::test_build_config_not_created_without_required_parameters[project] (teardown)[0m
curl -X GET 'http://localhost:8111/app/rest/projects/A8cMbQbGeCpProject' \
-H 'User-Agent: python-requests/2.25.1' \
-H 'Accept-Encoding: gzip, deflate' \
-H 'Accept: application/json' \
-H 'Connection: keep-alive' \
-H 'Content-Type: application/json' \
-H 'X-TC-CSRF-Token: 22e40624-7c4c-4840-80c8-0857e2376f1d' \
-H 'Cookie: TCSESSIONID=99128642277B000480F0407A4D90AA35' \
-H 'Authorization: Basic OjE1NDkyNzI0NzQyNTcyODc2ODk=' \
-d '' 

2024-03-26 20:32:45 INFO 	RESPONSE:
STATUS_CODE: [31m404[0m
DATA: [31mResponding with error, status code: 404 (Not Found).
Details: jetbrains.buildServer.server.rest.errors.NotFoundException: No project found by name or internal/external id 'A8cMbQbGeCpProject'.
Could not find the entity requested. Check the reference is correct and the user has permissions to access the entity.[0m