2024-03-26 20:32:45 INFO [32mpytest tests/backend/test_create_build_config.py::TestBuildConfig::test_build_config_not_created_without_required_parameters[name] (setup)[0m
curl -X GET 'http://localhost:8111/authenticationTest.html?csrf' \
-H 'User-Agent: python-requests/2.25.1' \
-H 'Accept-Encoding: gzip, deflate' \
-H 'Accept: */*' \
-H 'Connection: keep-alive' \
-H 'Authorization: Basic OjE1NDkyNzI0NzQyNTcyODc2ODk=' \
-d '' 

2024-03-26 20:32:45 INFO [32mpytest tests/backend/test_create_build_config.py::TestBuildConfig::test_build_config_not_created_without_required_parameters[name] (setup)[0m
curl -X POST 'http://localhost:8111/app/rest/projects' \
-H 'User-Agent: python-requests/2.25.1' \
-H 'Accept-Encoding: gzip, deflate' \
-H 'Accept: application/json' \
-H 'Connection: keep-alive' \
-H 'Content-Type: application/json' \
-H 'X-TC-CSRF-Token: 85d98525-fa90-4225-be5a-b147d753790b' \
-H 'Cookie: RecentLogin=; TCSESSIONID=A1699F8E964D07C4504B94FC22FDC153' \
-H 'Content-Length: 121' \
-H 'Authorization: Basic OjE1NDkyNzI0NzQyNTcyODc2ODk=' \
-d '{"parentProject": {"locator": "_Root"}, "name": "hundred", "id": "ACMINMwWfYhProject", "copyAllAssociatedSettings": true}'
2024-03-26 20:32:45 INFO [32mpytest tests/backend/test_create_build_config.py::TestBuildConfig::test_build_config_not_created_without_required_parameters[name][0m
curl -X POST 'http://localhost:8111/app/rest/buildTypes' \
-H 'User-Agent: python-requests/2.25.1' \
-H 'Accept-Encoding: gzip, deflate' \
-H 'Accept: application/json' \
-H 'Connection: keep-alive' \
-H 'Content-Type: application/json' \
-H 'X-TC-CSRF-Token: 85d98525-fa90-4225-be5a-b147d753790b' \
-H 'Cookie: TCSESSIONID=A1699F8E964D07C4504B94FC22FDC153' \
-H 'Content-Length: 333' \
-H 'Authorization: Basic OjE1NDkyNzI0NzQyNTcyODc2ODk=' \
-d '{"id": "FRK2jV9f3ZcBuild", "project": {"id": "ACMINMwWfYhProject"}, "steps": {"step": [{"name": "myCommandLineStep", "type": "simpleRunner", "properties": {"property": [{"name": "script.content", "value": "echo 'Hello World!'"}, {"name": "teamcity.step.mode", "value": "default"}, {"name": "use.custom.script", "value": "true"}]}}]}}' 

2024-03-26 20:32:45 INFO 	RESPONSE:
STATUS_CODE: [31m400[0m
DATA: [31mResponding with error, status code: 400 (Bad Request).
Details: jetbrains.buildServer.server.rest.errors.BadRequestException: When creating a build type, non empty name should be provided.
Invalid request. Please check the request URL and data are correct.[0m
2024-03-26 20:32:45 INFO [32mpytest tests/backend/test_create_build_config.py::TestBuildConfig::test_build_config_not_created_without_required_parameters[name][0m
curl -X GET 'http://localhost:8111/app/rest/buildTypes' \
-H 'User-Agent: python-requests/2.25.1' \
-H 'Accept-Encoding: gzip, deflate' \
-H 'Accept: application/json' \
-H 'Connection: keep-alive' \
-H 'Content-Type: application/json' \
-H 'X-TC-CSRF-Token: 85d98525-fa90-4225-be5a-b147d753790b' \
-H 'Cookie: TCSESSIONID=A1699F8E964D07C4504B94FC22FDC153' \
-H 'Authorization: Basic OjE1NDkyNzI0NzQyNTcyODc2ODk=' \
-d ''
2024-03-26 20:32:45 INFO [32mpytest tests/backend/test_create_build_config.py::TestBuildConfig::test_build_config_not_created_without_required_parameters[name] (teardown)[0m
curl -X GET 'http://localhost:8111/app/rest/projects' \
-H 'User-Agent: python-requests/2.25.1' \
-H 'Accept-Encoding: gzip, deflate' \
-H 'Accept: application/json' \
-H 'Connection: keep-alive' \
-H 'Content-Type: application/json' \
-H 'X-TC-CSRF-Token: 85d98525-fa90-4225-be5a-b147d753790b' \
-H 'Cookie: TCSESSIONID=A1699F8E964D07C4504B94FC22FDC153' \
-H 'Authorization: Basic OjE1NDkyNzI0NzQyNTcyODc2ODk=' \
-d '' 

2024-03-26 20:32:45 INFO [32mpytest tests/backend/test_create_build_config.py::TestBuildConfig::test_build_config_not_created_without_required_parameters[name] (teardown)[0m
curl -X DELETE 'http://localhost:8111/app/rest/projects/id:ACMINMwWfYhProject' \
-H 'User-Agent: python-requests/2.25.1' \
-H 'Accept-Encoding: gzip, deflate' \
-H 'Accept: application/json' \
-H 'Connection: keep-alive' \
-H 'Content-Type: application/json' \
-H 'X-TC-CSRF-Token: 85d98525-fa90-4225-be5a-b147d753790b' \
-H 'Cookie: TCSESSIONID=A1699F8E964D07C4504B94FC22FDC153' \
-H 'Content-Length: 0' \
-H 'Authorization: Basic OjE1NDkyNzI0NzQyNTcyODc2ODk=' \
-d '' 

2024-03-26 20:32:45 INFO [32mpytest tests/backend/test_create_build_config.py::TestBuildConfig::test_build_config_not_created_without_required_parameters[name] (teardown)[0m
curl -X GET 'http://localhost:8111/app/rest/projects/ACMINMwWfYhProject' \
-H 'User-Agent: python-requests/2.25.1' \
-H 'Accept-Encoding: gzip, deflate' \
-H 'Accept: application/json' \
-H 'Connection: keep-alive' \
-H 'Content-Type: application/json' \
-H 'X-TC-CSRF-Token: 85d98525-fa90-4225-be5a-b147d753790b' \
-H 'Cookie: TCSESSIONID=A1699F8E964D07C4504B94FC22FDC153' \
-H 'Authorization: Basic OjE1NDkyNzI0NzQyNTcyODc2ODk=' \
-d '' 

2024-03-26 20:32:45 INFO 	RESPONSE:
STATUS_CODE: [31m404[0m
DATA: [31mResponding with error, status code: 404 (Not Found).
Details: jetbrains.buildServer.server.rest.errors.NotFoundException: No project found by name or internal/external id 'ACMINMwWfYhProject'.
Could not find the entity requested. Check the reference is correct and the user has permissions to access the entity.[0m