2024-03-31 13:58:11 INFO [32mpytest tests/backend/test_create_build_config.py::TestBuildConfig::test_build_config_not_created_without_required_parameters[project] (setup)[0m
curl -X GET 'http://localhost:8111/authenticationTest.html?csrf' \
-H 'User-Agent: python-requests/2.25.1' \
-H 'Accept-Encoding: gzip, deflate' \
-H 'Accept: */*' \
-H 'Connection: keep-alive' \
-H 'Authorization: Basic OjY2Nzg2MTIxNjgzMDk5MjQ4MzM=' \
-d '' 

2024-03-31 13:58:11 INFO [32mpytest tests/backend/test_create_build_config.py::TestBuildConfig::test_build_config_not_created_without_required_parameters[project] (setup)[0m
curl -X POST 'http://localhost:8111/app/rest/projects' \
-H 'User-Agent: python-requests/2.25.1' \
-H 'Accept-Encoding: gzip, deflate' \
-H 'Accept: application/json' \
-H 'Connection: keep-alive' \
-H 'Content-Type: application/json' \
-H 'X-TC-CSRF-Token: 4b42654d-1ec7-478e-9748-1c43db65cc5b' \
-H 'Cookie: RecentLogin=; TCSESSIONID=370F6EC8DDB155935739996A92F362F7' \
-H 'Content-Length: 121' \
-H 'Authorization: Basic OjY2Nzg2MTIxNjgzMDk5MjQ4MzM=' \
-d '{"parentProject": {"locator": "_Root"}, "name": "finally", "id": "Voi79w2rdJzProject", "copyAllAssociatedSettings": true}'
2024-03-31 13:58:11 INFO [32mpytest tests/backend/test_create_build_config.py::TestBuildConfig::test_build_config_not_created_without_required_parameters[project][0m
curl -X POST 'http://localhost:8111/app/rest/buildTypes' \
-H 'User-Agent: python-requests/2.25.1' \
-H 'Accept-Encoding: gzip, deflate' \
-H 'Accept: application/json' \
-H 'Connection: keep-alive' \
-H 'Content-Type: application/json' \
-H 'X-TC-CSRF-Token: 4b42654d-1ec7-478e-9748-1c43db65cc5b' \
-H 'Cookie: TCSESSIONID=370F6EC8DDB155935739996A92F362F7' \
-H 'Content-Length: 310' \
-H 'Authorization: Basic OjY2Nzg2MTIxNjgzMDk5MjQ4MzM=' \
-d '{"id": "NsF6K78kXygBuild", "name": "method", "steps": {"step": [{"name": "myCommandLineStep", "type": "simpleRunner", "properties": {"property": [{"name": "script.content", "value": "echo 'Hello World!'"}, {"name": "teamcity.step.mode", "value": "default"}, {"name": "use.custom.script", "value": "true"}]}}]}}' 

2024-03-31 13:58:11 INFO 	RESPONSE:
STATUS_CODE: [31m400[0m
DATA: [31mResponding with error, status code: 400 (Bad Request).
Details: jetbrains.buildServer.server.rest.errors.BadRequestException: Build type creation request should contain project node.
Invalid request. Please check the request URL and data are correct.[0m
2024-03-31 13:58:11 INFO [32mpytest tests/backend/test_create_build_config.py::TestBuildConfig::test_build_config_not_created_without_required_parameters[project][0m
curl -X GET 'http://localhost:8111/app/rest/buildTypes' \
-H 'User-Agent: python-requests/2.25.1' \
-H 'Accept-Encoding: gzip, deflate' \
-H 'Accept: application/json' \
-H 'Connection: keep-alive' \
-H 'Content-Type: application/json' \
-H 'X-TC-CSRF-Token: 4b42654d-1ec7-478e-9748-1c43db65cc5b' \
-H 'Cookie: TCSESSIONID=370F6EC8DDB155935739996A92F362F7' \
-H 'Authorization: Basic OjY2Nzg2MTIxNjgzMDk5MjQ4MzM=' \
-d ''
2024-03-31 13:58:11 INFO [32mpytest tests/backend/test_create_build_config.py::TestBuildConfig::test_build_config_not_created_without_required_parameters[project] (teardown)[0m
curl -X GET 'http://localhost:8111/app/rest/projects' \
-H 'User-Agent: python-requests/2.25.1' \
-H 'Accept-Encoding: gzip, deflate' \
-H 'Accept: application/json' \
-H 'Connection: keep-alive' \
-H 'Content-Type: application/json' \
-H 'X-TC-CSRF-Token: 4b42654d-1ec7-478e-9748-1c43db65cc5b' \
-H 'Cookie: TCSESSIONID=370F6EC8DDB155935739996A92F362F7' \
-H 'Authorization: Basic OjY2Nzg2MTIxNjgzMDk5MjQ4MzM=' \
-d '' 

2024-03-31 13:58:11 INFO [32mpytest tests/backend/test_create_build_config.py::TestBuildConfig::test_build_config_not_created_without_required_parameters[project] (teardown)[0m
curl -X DELETE 'http://localhost:8111/app/rest/projects/id:Voi79w2rdJzProject' \
-H 'User-Agent: python-requests/2.25.1' \
-H 'Accept-Encoding: gzip, deflate' \
-H 'Accept: application/json' \
-H 'Connection: keep-alive' \
-H 'Content-Type: application/json' \
-H 'X-TC-CSRF-Token: 4b42654d-1ec7-478e-9748-1c43db65cc5b' \
-H 'Cookie: TCSESSIONID=370F6EC8DDB155935739996A92F362F7' \
-H 'Content-Length: 0' \
-H 'Authorization: Basic OjY2Nzg2MTIxNjgzMDk5MjQ4MzM=' \
-d '' 

2024-03-31 13:58:11 INFO [32mpytest tests/backend/test_create_build_config.py::TestBuildConfig::test_build_config_not_created_without_required_parameters[project] (teardown)[0m
curl -X GET 'http://localhost:8111/app/rest/projects/Voi79w2rdJzProject' \
-H 'User-Agent: python-requests/2.25.1' \
-H 'Accept-Encoding: gzip, deflate' \
-H 'Accept: application/json' \
-H 'Connection: keep-alive' \
-H 'Content-Type: application/json' \
-H 'X-TC-CSRF-Token: 4b42654d-1ec7-478e-9748-1c43db65cc5b' \
-H 'Cookie: TCSESSIONID=370F6EC8DDB155935739996A92F362F7' \
-H 'Authorization: Basic OjY2Nzg2MTIxNjgzMDk5MjQ4MzM=' \
-d '' 

2024-03-31 13:58:11 INFO 	RESPONSE:
STATUS_CODE: [31m404[0m
DATA: [31mResponding with error, status code: 404 (Not Found).
Details: jetbrains.buildServer.server.rest.errors.NotFoundException: No project found by name or internal/external id 'Voi79w2rdJzProject'.
Could not find the entity requested. Check the reference is correct and the user has permissions to access the entity.[0m