2024-03-31 13:58:12 INFO [32mpytest tests/backend/test_create_project.py::TestCreateProject::test_project_not_created_with_duplicated_name (setup)[0m
curl -X GET 'http://localhost:8111/authenticationTest.html?csrf' \
-H 'User-Agent: python-requests/2.25.1' \
-H 'Accept-Encoding: gzip, deflate' \
-H 'Accept: */*' \
-H 'Connection: keep-alive' \
-H 'Authorization: Basic OjY2Nzg2MTIxNjgzMDk5MjQ4MzM=' \
-d ''
2024-03-31 13:58:12 INFO [32mpytest tests/backend/test_create_project.py::TestCreateProject::test_project_not_created_with_duplicated_name[0m
curl -X POST 'http://localhost:8111/app/rest/projects' \
-H 'User-Agent: python-requests/2.25.1' \
-H 'Accept-Encoding: gzip, deflate' \
-H 'Accept: application/json' \
-H 'Connection: keep-alive' \
-H 'Content-Type: application/json' \
-H 'X-TC-CSRF-Token: fc4081ef-b9ad-482d-abe9-19ccb7c3e2fe' \
-H 'Cookie: RecentLogin=; TCSESSIONID=480442DCEC44F898588D1F965E382812' \
-H 'Content-Length: 116' \
-H 'Authorization: Basic OjY2Nzg2MTIxNjgzMDk5MjQ4MzM=' \
-d '{"parentProject": {"locator": "_Root"}, "name": "be", "id": "JtuZm6N8payProject", "copyAllAssociatedSettings": true}' 

2024-03-31 13:58:12 INFO [32mpytest tests/backend/test_create_project.py::TestCreateProject::test_project_not_created_with_duplicated_name[0m
curl -X POST 'http://localhost:8111/app/rest/projects' \
-H 'User-Agent: python-requests/2.25.1' \
-H 'Accept-Encoding: gzip, deflate' \
-H 'Accept: application/json' \
-H 'Connection: keep-alive' \
-H 'Content-Type: application/json' \
-H 'X-TC-CSRF-Token: fc4081ef-b9ad-482d-abe9-19ccb7c3e2fe' \
-H 'Cookie: TCSESSIONID=480442DCEC44F898588D1F965E382812' \
-H 'Content-Length: 116' \
-H 'Authorization: Basic OjY2Nzg2MTIxNjgzMDk5MjQ4MzM=' \
-d '{"parentProject": {"locator": "_Root"}, "name": "be", "id": "AAPaMNJAcsQProject", "copyAllAssociatedSettings": true}' 

2024-03-31 13:58:12 INFO 	RESPONSE:
STATUS_CODE: [31m400[0m
DATA: [31mResponding with error, status code: 400 (Bad Request).
Details: jetbrains.buildServer.serverSide.DuplicateProjectNameException: Project with this name already exists: be
Error occurred while processing this request.[0m
2024-03-31 13:58:12 INFO [32mpytest tests/backend/test_create_project.py::TestCreateProject::test_project_not_created_with_duplicated_name[0m
curl -X GET 'http://localhost:8111/app/rest/projects' \
-H 'User-Agent: python-requests/2.25.1' \
-H 'Accept-Encoding: gzip, deflate' \
-H 'Accept: application/json' \
-H 'Connection: keep-alive' \
-H 'Content-Type: application/json' \
-H 'X-TC-CSRF-Token: fc4081ef-b9ad-482d-abe9-19ccb7c3e2fe' \
-H 'Cookie: TCSESSIONID=480442DCEC44F898588D1F965E382812' \
-H 'Authorization: Basic OjY2Nzg2MTIxNjgzMDk5MjQ4MzM=' \
-d ''
2024-03-31 13:58:12 INFO [32mpytest tests/backend/test_create_project.py::TestCreateProject::test_project_not_created_with_duplicated_name (teardown)[0m
curl -X GET 'http://localhost:8111/app/rest/projects' \
-H 'User-Agent: python-requests/2.25.1' \
-H 'Accept-Encoding: gzip, deflate' \
-H 'Accept: application/json' \
-H 'Connection: keep-alive' \
-H 'Content-Type: application/json' \
-H 'X-TC-CSRF-Token: fc4081ef-b9ad-482d-abe9-19ccb7c3e2fe' \
-H 'Cookie: TCSESSIONID=480442DCEC44F898588D1F965E382812' \
-H 'Authorization: Basic OjY2Nzg2MTIxNjgzMDk5MjQ4MzM=' \
-d '' 

2024-03-31 13:58:12 INFO [32mpytest tests/backend/test_create_project.py::TestCreateProject::test_project_not_created_with_duplicated_name (teardown)[0m
curl -X DELETE 'http://localhost:8111/app/rest/projects/id:JtuZm6N8payProject' \
-H 'User-Agent: python-requests/2.25.1' \
-H 'Accept-Encoding: gzip, deflate' \
-H 'Accept: application/json' \
-H 'Connection: keep-alive' \
-H 'Content-Type: application/json' \
-H 'X-TC-CSRF-Token: fc4081ef-b9ad-482d-abe9-19ccb7c3e2fe' \
-H 'Cookie: TCSESSIONID=480442DCEC44F898588D1F965E382812' \
-H 'Content-Length: 0' \
-H 'Authorization: Basic OjY2Nzg2MTIxNjgzMDk5MjQ4MzM=' \
-d '' 

2024-03-31 13:58:12 INFO [32mpytest tests/backend/test_create_project.py::TestCreateProject::test_project_not_created_with_duplicated_name (teardown)[0m
curl -X GET 'http://localhost:8111/app/rest/projects/JtuZm6N8payProject' \
-H 'User-Agent: python-requests/2.25.1' \
-H 'Accept-Encoding: gzip, deflate' \
-H 'Accept: application/json' \
-H 'Connection: keep-alive' \
-H 'Content-Type: application/json' \
-H 'X-TC-CSRF-Token: fc4081ef-b9ad-482d-abe9-19ccb7c3e2fe' \
-H 'Cookie: TCSESSIONID=480442DCEC44F898588D1F965E382812' \
-H 'Authorization: Basic OjY2Nzg2MTIxNjgzMDk5MjQ4MzM=' \
-d '' 

2024-03-31 13:58:12 INFO 	RESPONSE:
STATUS_CODE: [31m404[0m
DATA: [31mResponding with error, status code: 404 (Not Found).
Details: jetbrains.buildServer.server.rest.errors.NotFoundException: No project found by name or internal/external id 'JtuZm6N8payProject'.
Could not find the entity requested. Check the reference is correct and the user has permissions to access the entity.[0m
2024-03-31 13:58:12 INFO [32mpytest tests/backend/test_create_project.py::TestCreateProject::test_project_not_created_with_duplicated_name (teardown)[0m
curl -X GET 'http://localhost:8111/app/rest/projects' \
-H 'User-Agent: python-requests/2.25.1' \
-H 'Accept-Encoding: gzip, deflate' \
-H 'Accept: application/json' \
-H 'Connection: keep-alive' \
-H 'Content-Type: application/json' \
-H 'X-TC-CSRF-Token: fc4081ef-b9ad-482d-abe9-19ccb7c3e2fe' \
-H 'Cookie: TCSESSIONID=480442DCEC44F898588D1F965E382812' \
-H 'Authorization: Basic OjY2Nzg2MTIxNjgzMDk5MjQ4MzM=' \
-d ''