2024-03-31 13:58:11 INFO [32mpytest tests/backend/test_create_build_config.py::TestBuildConfig::test_build_config_not_created_without_required_parameters[name] (setup)[0m
curl -X GET 'http://localhost:8111/authenticationTest.html?csrf' \
-H 'User-Agent: python-requests/2.25.1' \
-H 'Accept-Encoding: gzip, deflate' \
-H 'Accept: */*' \
-H 'Connection: keep-alive' \
-H 'Authorization: Basic OjY2Nzg2MTIxNjgzMDk5MjQ4MzM=' \
-d '' 

2024-03-31 13:58:11 INFO [32mpytest tests/backend/test_create_build_config.py::TestBuildConfig::test_build_config_not_created_without_required_parameters[name] (setup)[0m
curl -X POST 'http://localhost:8111/app/rest/projects' \
-H 'User-Agent: python-requests/2.25.1' \
-H 'Accept-Encoding: gzip, deflate' \
-H 'Accept: application/json' \
-H 'Connection: keep-alive' \
-H 'Content-Type: application/json' \
-H 'X-TC-CSRF-Token: edcfdce6-4f8c-4790-a4f9-95c817263474' \
-H 'Cookie: RecentLogin=; TCSESSIONID=0A748CE0588D7EDEE80240372632A5CA' \
-H 'Content-Length: 125' \
-H 'Authorization: Basic OjY2Nzg2MTIxNjgzMDk5MjQ4MzM=' \
-d '{"parentProject": {"locator": "_Root"}, "name": "institution", "id": "ytTyT3dEdnZProject", "copyAllAssociatedSettings": true}'
2024-03-31 13:58:11 INFO [32mpytest tests/backend/test_create_build_config.py::TestBuildConfig::test_build_config_not_created_without_required_parameters[name][0m
curl -X POST 'http://localhost:8111/app/rest/buildTypes' \
-H 'User-Agent: python-requests/2.25.1' \
-H 'Accept-Encoding: gzip, deflate' \
-H 'Accept: application/json' \
-H 'Connection: keep-alive' \
-H 'Content-Type: application/json' \
-H 'X-TC-CSRF-Token: edcfdce6-4f8c-4790-a4f9-95c817263474' \
-H 'Cookie: TCSESSIONID=0A748CE0588D7EDEE80240372632A5CA' \
-H 'Content-Length: 333' \
-H 'Authorization: Basic OjY2Nzg2MTIxNjgzMDk5MjQ4MzM=' \
-d '{"id": "z9YA4sCRZ2JBuild", "project": {"id": "ytTyT3dEdnZProject"}, "steps": {"step": [{"name": "myCommandLineStep", "type": "simpleRunner", "properties": {"property": [{"name": "script.content", "value": "echo 'Hello World!'"}, {"name": "teamcity.step.mode", "value": "default"}, {"name": "use.custom.script", "value": "true"}]}}]}}' 

2024-03-31 13:58:11 INFO 	RESPONSE:
STATUS_CODE: [31m400[0m
DATA: [31mResponding with error, status code: 400 (Bad Request).
Details: jetbrains.buildServer.server.rest.errors.BadRequestException: When creating a build type, non empty name should be provided.
Invalid request. Please check the request URL and data are correct.[0m
2024-03-31 13:58:11 INFO [32mpytest tests/backend/test_create_build_config.py::TestBuildConfig::test_build_config_not_created_without_required_parameters[name][0m
curl -X GET 'http://localhost:8111/app/rest/buildTypes' \
-H 'User-Agent: python-requests/2.25.1' \
-H 'Accept-Encoding: gzip, deflate' \
-H 'Accept: application/json' \
-H 'Connection: keep-alive' \
-H 'Content-Type: application/json' \
-H 'X-TC-CSRF-Token: edcfdce6-4f8c-4790-a4f9-95c817263474' \
-H 'Cookie: TCSESSIONID=0A748CE0588D7EDEE80240372632A5CA' \
-H 'Authorization: Basic OjY2Nzg2MTIxNjgzMDk5MjQ4MzM=' \
-d ''
2024-03-31 13:58:11 INFO [32mpytest tests/backend/test_create_build_config.py::TestBuildConfig::test_build_config_not_created_without_required_parameters[name] (teardown)[0m
curl -X GET 'http://localhost:8111/app/rest/projects' \
-H 'User-Agent: python-requests/2.25.1' \
-H 'Accept-Encoding: gzip, deflate' \
-H 'Accept: application/json' \
-H 'Connection: keep-alive' \
-H 'Content-Type: application/json' \
-H 'X-TC-CSRF-Token: edcfdce6-4f8c-4790-a4f9-95c817263474' \
-H 'Cookie: TCSESSIONID=0A748CE0588D7EDEE80240372632A5CA' \
-H 'Authorization: Basic OjY2Nzg2MTIxNjgzMDk5MjQ4MzM=' \
-d '' 

2024-03-31 13:58:11 INFO [32mpytest tests/backend/test_create_build_config.py::TestBuildConfig::test_build_config_not_created_without_required_parameters[name] (teardown)[0m
curl -X DELETE 'http://localhost:8111/app/rest/projects/id:ytTyT3dEdnZProject' \
-H 'User-Agent: python-requests/2.25.1' \
-H 'Accept-Encoding: gzip, deflate' \
-H 'Accept: application/json' \
-H 'Connection: keep-alive' \
-H 'Content-Type: application/json' \
-H 'X-TC-CSRF-Token: edcfdce6-4f8c-4790-a4f9-95c817263474' \
-H 'Cookie: TCSESSIONID=0A748CE0588D7EDEE80240372632A5CA' \
-H 'Content-Length: 0' \
-H 'Authorization: Basic OjY2Nzg2MTIxNjgzMDk5MjQ4MzM=' \
-d '' 

2024-03-31 13:58:11 INFO [32mpytest tests/backend/test_create_build_config.py::TestBuildConfig::test_build_config_not_created_without_required_parameters[name] (teardown)[0m
curl -X GET 'http://localhost:8111/app/rest/projects/ytTyT3dEdnZProject' \
-H 'User-Agent: python-requests/2.25.1' \
-H 'Accept-Encoding: gzip, deflate' \
-H 'Accept: application/json' \
-H 'Connection: keep-alive' \
-H 'Content-Type: application/json' \
-H 'X-TC-CSRF-Token: edcfdce6-4f8c-4790-a4f9-95c817263474' \
-H 'Cookie: TCSESSIONID=0A748CE0588D7EDEE80240372632A5CA' \
-H 'Authorization: Basic OjY2Nzg2MTIxNjgzMDk5MjQ4MzM=' \
-d '' 

2024-03-31 13:58:11 INFO 	RESPONSE:
STATUS_CODE: [31m404[0m
DATA: [31mResponding with error, status code: 404 (Not Found).
Details: jetbrains.buildServer.server.rest.errors.NotFoundException: No project found by name or internal/external id 'ytTyT3dEdnZProject'.
Could not find the entity requested. Check the reference is correct and the user has permissions to access the entity.[0m