2024-03-25 19:37:08 INFO [32mpytest tests/backend/test_create_build_config.py::TestBuildConfig::test_build_config_not_created_without_required_parameters[name] (setup)[0m
curl -X GET 'http://localhost:8111/authenticationTest.html?csrf' \
-H 'User-Agent: python-requests/2.25.1' \
-H 'Accept-Encoding: gzip, deflate' \
-H 'Accept: */*' \
-H 'Connection: keep-alive' \
-H 'Authorization: Basic Ojg3NzU3Mjg0Njg5NjI1MDg4MjE=' \
-d '' 

2024-03-25 19:37:08 INFO [32mpytest tests/backend/test_create_build_config.py::TestBuildConfig::test_build_config_not_created_without_required_parameters[name] (setup)[0m
curl -X POST 'http://localhost:8111/app/rest/projects' \
-H 'User-Agent: python-requests/2.25.1' \
-H 'Accept-Encoding: gzip, deflate' \
-H 'Accept: application/json' \
-H 'Connection: keep-alive' \
-H 'Content-Type: application/json' \
-H 'X-TC-CSRF-Token: f1e22834-401d-4644-827f-f3edff82d6a1' \
-H 'Cookie: RecentLogin=; TCSESSIONID=FE4B9AC5550FCD349468906A2ED6A5AA' \
-H 'Content-Length: 119' \
-H 'Authorization: Basic Ojg3NzU3Mjg0Njg5NjI1MDg4MjE=' \
-d '{"parentProject": {"locator": "_Root"}, "name": "argue", "id": "e3dn7NLZPYBProject", "copyAllAssociatedSettings": true}'
2024-03-25 19:37:08 INFO [32mpytest tests/backend/test_create_build_config.py::TestBuildConfig::test_build_config_not_created_without_required_parameters[name][0m
curl -X POST 'http://localhost:8111/app/rest/buildTypes' \
-H 'User-Agent: python-requests/2.25.1' \
-H 'Accept-Encoding: gzip, deflate' \
-H 'Accept: application/json' \
-H 'Connection: keep-alive' \
-H 'Content-Type: application/json' \
-H 'X-TC-CSRF-Token: f1e22834-401d-4644-827f-f3edff82d6a1' \
-H 'Cookie: TCSESSIONID=FE4B9AC5550FCD349468906A2ED6A5AA' \
-H 'Content-Length: 333' \
-H 'Authorization: Basic Ojg3NzU3Mjg0Njg5NjI1MDg4MjE=' \
-d '{"id": "pMJiCEwpk12Build", "project": {"id": "e3dn7NLZPYBProject"}, "steps": {"step": [{"name": "myCommandLineStep", "type": "simpleRunner", "properties": {"property": [{"name": "script.content", "value": "echo 'Hello World!'"}, {"name": "teamcity.step.mode", "value": "default"}, {"name": "use.custom.script", "value": "true"}]}}]}}' 

2024-03-25 19:37:08 INFO 	RESPONSE:
STATUS_CODE: [31m400[0m
DATA: [31mResponding with error, status code: 400 (Bad Request).
Details: jetbrains.buildServer.server.rest.errors.BadRequestException: When creating a build type, non empty name should be provided.
Invalid request. Please check the request URL and data are correct.[0m
2024-03-25 19:37:08 INFO [32mpytest tests/backend/test_create_build_config.py::TestBuildConfig::test_build_config_not_created_without_required_parameters[name][0m
curl -X GET 'http://localhost:8111/app/rest/buildTypes' \
-H 'User-Agent: python-requests/2.25.1' \
-H 'Accept-Encoding: gzip, deflate' \
-H 'Accept: application/json' \
-H 'Connection: keep-alive' \
-H 'Content-Type: application/json' \
-H 'X-TC-CSRF-Token: f1e22834-401d-4644-827f-f3edff82d6a1' \
-H 'Cookie: TCSESSIONID=FE4B9AC5550FCD349468906A2ED6A5AA' \
-H 'Authorization: Basic Ojg3NzU3Mjg0Njg5NjI1MDg4MjE=' \
-d ''
2024-03-25 19:37:08 INFO [32mpytest tests/backend/test_create_build_config.py::TestBuildConfig::test_build_config_not_created_without_required_parameters[name] (teardown)[0m
curl -X GET 'http://localhost:8111/app/rest/projects' \
-H 'User-Agent: python-requests/2.25.1' \
-H 'Accept-Encoding: gzip, deflate' \
-H 'Accept: application/json' \
-H 'Connection: keep-alive' \
-H 'Content-Type: application/json' \
-H 'X-TC-CSRF-Token: f1e22834-401d-4644-827f-f3edff82d6a1' \
-H 'Cookie: TCSESSIONID=FE4B9AC5550FCD349468906A2ED6A5AA' \
-H 'Authorization: Basic Ojg3NzU3Mjg0Njg5NjI1MDg4MjE=' \
-d '' 

2024-03-25 19:37:08 INFO [32mpytest tests/backend/test_create_build_config.py::TestBuildConfig::test_build_config_not_created_without_required_parameters[name] (teardown)[0m
curl -X DELETE 'http://localhost:8111/app/rest/projects/id:e3dn7NLZPYBProject' \
-H 'User-Agent: python-requests/2.25.1' \
-H 'Accept-Encoding: gzip, deflate' \
-H 'Accept: application/json' \
-H 'Connection: keep-alive' \
-H 'Content-Type: application/json' \
-H 'X-TC-CSRF-Token: f1e22834-401d-4644-827f-f3edff82d6a1' \
-H 'Cookie: TCSESSIONID=FE4B9AC5550FCD349468906A2ED6A5AA' \
-H 'Content-Length: 0' \
-H 'Authorization: Basic Ojg3NzU3Mjg0Njg5NjI1MDg4MjE=' \
-d '' 

2024-03-25 19:37:08 INFO [32mpytest tests/backend/test_create_build_config.py::TestBuildConfig::test_build_config_not_created_without_required_parameters[name] (teardown)[0m
curl -X GET 'http://localhost:8111/app/rest/projects/e3dn7NLZPYBProject' \
-H 'User-Agent: python-requests/2.25.1' \
-H 'Accept-Encoding: gzip, deflate' \
-H 'Accept: application/json' \
-H 'Connection: keep-alive' \
-H 'Content-Type: application/json' \
-H 'X-TC-CSRF-Token: f1e22834-401d-4644-827f-f3edff82d6a1' \
-H 'Cookie: TCSESSIONID=FE4B9AC5550FCD349468906A2ED6A5AA' \
-H 'Authorization: Basic Ojg3NzU3Mjg0Njg5NjI1MDg4MjE=' \
-d '' 

2024-03-25 19:37:08 INFO 	RESPONSE:
STATUS_CODE: [31m404[0m
DATA: [31mResponding with error, status code: 404 (Not Found).
Details: jetbrains.buildServer.server.rest.errors.NotFoundException: No project found by name or internal/external id 'e3dn7NLZPYBProject'.
Could not find the entity requested. Check the reference is correct and the user has permissions to access the entity.[0m