2024-03-26 19:37:49 INFO [32mpytest tests/backend/test_create_build_config.py::TestBuildConfig::test_build_config_not_created_without_required_parameters[project] (setup)[0m
curl -X GET 'http://localhost:8111/authenticationTest.html?csrf' \
-H 'User-Agent: python-requests/2.25.1' \
-H 'Accept-Encoding: gzip, deflate' \
-H 'Accept: */*' \
-H 'Connection: keep-alive' \
-H 'Authorization: Basic OjY0NjgxMjczNTY1OTE3ODIyNDY=' \
-d '' 

2024-03-26 19:37:49 INFO [32mpytest tests/backend/test_create_build_config.py::TestBuildConfig::test_build_config_not_created_without_required_parameters[project] (setup)[0m
curl -X POST 'http://localhost:8111/app/rest/projects' \
-H 'User-Agent: python-requests/2.25.1' \
-H 'Accept-Encoding: gzip, deflate' \
-H 'Accept: application/json' \
-H 'Connection: keep-alive' \
-H 'Content-Type: application/json' \
-H 'X-TC-CSRF-Token: aa8a6c63-8ffc-496a-8162-5d7fb77fd4e6' \
-H 'Cookie: RecentLogin=; TCSESSIONID=E5D959E03A84F8EF0C19BCFA201D01E6' \
-H 'Content-Length: 117' \
-H 'Authorization: Basic OjY0NjgxMjczNTY1OTE3ODIyNDY=' \
-d '{"parentProject": {"locator": "_Root"}, "name": "ago", "id": "iO4gyabkAw1Project", "copyAllAssociatedSettings": true}'
2024-03-26 19:37:49 INFO [32mpytest tests/backend/test_create_build_config.py::TestBuildConfig::test_build_config_not_created_without_required_parameters[project][0m
curl -X POST 'http://localhost:8111/app/rest/buildTypes' \
-H 'User-Agent: python-requests/2.25.1' \
-H 'Accept-Encoding: gzip, deflate' \
-H 'Accept: application/json' \
-H 'Connection: keep-alive' \
-H 'Content-Type: application/json' \
-H 'X-TC-CSRF-Token: aa8a6c63-8ffc-496a-8162-5d7fb77fd4e6' \
-H 'Cookie: TCSESSIONID=E5D959E03A84F8EF0C19BCFA201D01E6' \
-H 'Content-Length: 308' \
-H 'Authorization: Basic OjY0NjgxMjczNTY1OTE3ODIyNDY=' \
-d '{"id": "TF6SUgDIQhRBuild", "name": "wait", "steps": {"step": [{"name": "myCommandLineStep", "type": "simpleRunner", "properties": {"property": [{"name": "script.content", "value": "echo 'Hello World!'"}, {"name": "teamcity.step.mode", "value": "default"}, {"name": "use.custom.script", "value": "true"}]}}]}}' 

2024-03-26 19:37:49 INFO 	RESPONSE:
STATUS_CODE: [31m400[0m
DATA: [31mResponding with error, status code: 400 (Bad Request).
Details: jetbrains.buildServer.server.rest.errors.BadRequestException: Build type creation request should contain project node.
Invalid request. Please check the request URL and data are correct.[0m
2024-03-26 19:37:50 INFO [32mpytest tests/backend/test_create_build_config.py::TestBuildConfig::test_build_config_not_created_without_required_parameters[project][0m
curl -X GET 'http://localhost:8111/app/rest/buildTypes' \
-H 'User-Agent: python-requests/2.25.1' \
-H 'Accept-Encoding: gzip, deflate' \
-H 'Accept: application/json' \
-H 'Connection: keep-alive' \
-H 'Content-Type: application/json' \
-H 'X-TC-CSRF-Token: aa8a6c63-8ffc-496a-8162-5d7fb77fd4e6' \
-H 'Cookie: TCSESSIONID=E5D959E03A84F8EF0C19BCFA201D01E6' \
-H 'Authorization: Basic OjY0NjgxMjczNTY1OTE3ODIyNDY=' \
-d ''
2024-03-26 19:37:50 INFO [32mpytest tests/backend/test_create_build_config.py::TestBuildConfig::test_build_config_not_created_without_required_parameters[project] (teardown)[0m
curl -X GET 'http://localhost:8111/app/rest/projects' \
-H 'User-Agent: python-requests/2.25.1' \
-H 'Accept-Encoding: gzip, deflate' \
-H 'Accept: application/json' \
-H 'Connection: keep-alive' \
-H 'Content-Type: application/json' \
-H 'X-TC-CSRF-Token: aa8a6c63-8ffc-496a-8162-5d7fb77fd4e6' \
-H 'Cookie: TCSESSIONID=E5D959E03A84F8EF0C19BCFA201D01E6' \
-H 'Authorization: Basic OjY0NjgxMjczNTY1OTE3ODIyNDY=' \
-d '' 

2024-03-26 19:37:50 INFO [32mpytest tests/backend/test_create_build_config.py::TestBuildConfig::test_build_config_not_created_without_required_parameters[project] (teardown)[0m
curl -X DELETE 'http://localhost:8111/app/rest/projects/id:iO4gyabkAw1Project' \
-H 'User-Agent: python-requests/2.25.1' \
-H 'Accept-Encoding: gzip, deflate' \
-H 'Accept: application/json' \
-H 'Connection: keep-alive' \
-H 'Content-Type: application/json' \
-H 'X-TC-CSRF-Token: aa8a6c63-8ffc-496a-8162-5d7fb77fd4e6' \
-H 'Cookie: TCSESSIONID=E5D959E03A84F8EF0C19BCFA201D01E6' \
-H 'Content-Length: 0' \
-H 'Authorization: Basic OjY0NjgxMjczNTY1OTE3ODIyNDY=' \
-d '' 

2024-03-26 19:37:50 INFO [32mpytest tests/backend/test_create_build_config.py::TestBuildConfig::test_build_config_not_created_without_required_parameters[project] (teardown)[0m
curl -X GET 'http://localhost:8111/app/rest/projects/iO4gyabkAw1Project' \
-H 'User-Agent: python-requests/2.25.1' \
-H 'Accept-Encoding: gzip, deflate' \
-H 'Accept: application/json' \
-H 'Connection: keep-alive' \
-H 'Content-Type: application/json' \
-H 'X-TC-CSRF-Token: aa8a6c63-8ffc-496a-8162-5d7fb77fd4e6' \
-H 'Cookie: TCSESSIONID=E5D959E03A84F8EF0C19BCFA201D01E6' \
-H 'Authorization: Basic OjY0NjgxMjczNTY1OTE3ODIyNDY=' \
-d '' 

2024-03-26 19:37:50 INFO 	RESPONSE:
STATUS_CODE: [31m404[0m
DATA: [31mResponding with error, status code: 404 (Not Found).
Details: jetbrains.buildServer.server.rest.errors.NotFoundException: No project found by name or internal/external id 'iO4gyabkAw1Project'.
Could not find the entity requested. Check the reference is correct and the user has permissions to access the entity.[0m