2024-03-26 19:37:50 INFO [32mpytest tests/backend/test_create_build_config.py::TestBuildConfig::test_build_config_not_created_without_required_parameters[name] (setup)[0m
curl -X GET 'http://localhost:8111/authenticationTest.html?csrf' \
-H 'User-Agent: python-requests/2.25.1' \
-H 'Accept-Encoding: gzip, deflate' \
-H 'Accept: */*' \
-H 'Connection: keep-alive' \
-H 'Authorization: Basic OjY0NjgxMjczNTY1OTE3ODIyNDY=' \
-d '' 

2024-03-26 19:37:50 INFO [32mpytest tests/backend/test_create_build_config.py::TestBuildConfig::test_build_config_not_created_without_required_parameters[name] (setup)[0m
curl -X POST 'http://localhost:8111/app/rest/projects' \
-H 'User-Agent: python-requests/2.25.1' \
-H 'Accept-Encoding: gzip, deflate' \
-H 'Accept: application/json' \
-H 'Connection: keep-alive' \
-H 'Content-Type: application/json' \
-H 'X-TC-CSRF-Token: adddfce9-beaf-4021-8443-c9d6e82be7fa' \
-H 'Cookie: RecentLogin=; TCSESSIONID=A5CF1CC65C94572C2AF26379B6AEF48B' \
-H 'Content-Length: 119' \
-H 'Authorization: Basic OjY0NjgxMjczNTY1OTE3ODIyNDY=' \
-d '{"parentProject": {"locator": "_Root"}, "name": "above", "id": "ctXE91qovnuProject", "copyAllAssociatedSettings": true}'
2024-03-26 19:37:50 INFO [32mpytest tests/backend/test_create_build_config.py::TestBuildConfig::test_build_config_not_created_without_required_parameters[name][0m
curl -X POST 'http://localhost:8111/app/rest/buildTypes' \
-H 'User-Agent: python-requests/2.25.1' \
-H 'Accept-Encoding: gzip, deflate' \
-H 'Accept: application/json' \
-H 'Connection: keep-alive' \
-H 'Content-Type: application/json' \
-H 'X-TC-CSRF-Token: adddfce9-beaf-4021-8443-c9d6e82be7fa' \
-H 'Cookie: TCSESSIONID=A5CF1CC65C94572C2AF26379B6AEF48B' \
-H 'Content-Length: 333' \
-H 'Authorization: Basic OjY0NjgxMjczNTY1OTE3ODIyNDY=' \
-d '{"id": "nt7vVfzWtPnBuild", "project": {"id": "ctXE91qovnuProject"}, "steps": {"step": [{"name": "myCommandLineStep", "type": "simpleRunner", "properties": {"property": [{"name": "script.content", "value": "echo 'Hello World!'"}, {"name": "teamcity.step.mode", "value": "default"}, {"name": "use.custom.script", "value": "true"}]}}]}}' 

2024-03-26 19:37:50 INFO 	RESPONSE:
STATUS_CODE: [31m400[0m
DATA: [31mResponding with error, status code: 400 (Bad Request).
Details: jetbrains.buildServer.server.rest.errors.BadRequestException: When creating a build type, non empty name should be provided.
Invalid request. Please check the request URL and data are correct.[0m
2024-03-26 19:37:50 INFO [32mpytest tests/backend/test_create_build_config.py::TestBuildConfig::test_build_config_not_created_without_required_parameters[name][0m
curl -X GET 'http://localhost:8111/app/rest/buildTypes' \
-H 'User-Agent: python-requests/2.25.1' \
-H 'Accept-Encoding: gzip, deflate' \
-H 'Accept: application/json' \
-H 'Connection: keep-alive' \
-H 'Content-Type: application/json' \
-H 'X-TC-CSRF-Token: adddfce9-beaf-4021-8443-c9d6e82be7fa' \
-H 'Cookie: TCSESSIONID=A5CF1CC65C94572C2AF26379B6AEF48B' \
-H 'Authorization: Basic OjY0NjgxMjczNTY1OTE3ODIyNDY=' \
-d ''
2024-03-26 19:37:50 INFO [32mpytest tests/backend/test_create_build_config.py::TestBuildConfig::test_build_config_not_created_without_required_parameters[name] (teardown)[0m
curl -X GET 'http://localhost:8111/app/rest/projects' \
-H 'User-Agent: python-requests/2.25.1' \
-H 'Accept-Encoding: gzip, deflate' \
-H 'Accept: application/json' \
-H 'Connection: keep-alive' \
-H 'Content-Type: application/json' \
-H 'X-TC-CSRF-Token: adddfce9-beaf-4021-8443-c9d6e82be7fa' \
-H 'Cookie: TCSESSIONID=A5CF1CC65C94572C2AF26379B6AEF48B' \
-H 'Authorization: Basic OjY0NjgxMjczNTY1OTE3ODIyNDY=' \
-d '' 

2024-03-26 19:37:50 INFO [32mpytest tests/backend/test_create_build_config.py::TestBuildConfig::test_build_config_not_created_without_required_parameters[name] (teardown)[0m
curl -X DELETE 'http://localhost:8111/app/rest/projects/id:ctXE91qovnuProject' \
-H 'User-Agent: python-requests/2.25.1' \
-H 'Accept-Encoding: gzip, deflate' \
-H 'Accept: application/json' \
-H 'Connection: keep-alive' \
-H 'Content-Type: application/json' \
-H 'X-TC-CSRF-Token: adddfce9-beaf-4021-8443-c9d6e82be7fa' \
-H 'Cookie: TCSESSIONID=A5CF1CC65C94572C2AF26379B6AEF48B' \
-H 'Content-Length: 0' \
-H 'Authorization: Basic OjY0NjgxMjczNTY1OTE3ODIyNDY=' \
-d '' 

2024-03-26 19:37:50 INFO [32mpytest tests/backend/test_create_build_config.py::TestBuildConfig::test_build_config_not_created_without_required_parameters[name] (teardown)[0m
curl -X GET 'http://localhost:8111/app/rest/projects/ctXE91qovnuProject' \
-H 'User-Agent: python-requests/2.25.1' \
-H 'Accept-Encoding: gzip, deflate' \
-H 'Accept: application/json' \
-H 'Connection: keep-alive' \
-H 'Content-Type: application/json' \
-H 'X-TC-CSRF-Token: adddfce9-beaf-4021-8443-c9d6e82be7fa' \
-H 'Cookie: TCSESSIONID=A5CF1CC65C94572C2AF26379B6AEF48B' \
-H 'Authorization: Basic OjY0NjgxMjczNTY1OTE3ODIyNDY=' \
-d '' 

2024-03-26 19:37:50 INFO 	RESPONSE:
STATUS_CODE: [31m404[0m
DATA: [31mResponding with error, status code: 404 (Not Found).
Details: jetbrains.buildServer.server.rest.errors.NotFoundException: No project found by name or internal/external id 'ctXE91qovnuProject'.
Could not find the entity requested. Check the reference is correct and the user has permissions to access the entity.[0m