2024-03-24 13:16:33 INFO [32mpytest tests/backend/test_create_build_config.py::TestBuildConfig::test_build_config_not_created_without_required_parameters[project] (setup)[0m
curl -X GET 'http://localhost:8111/authenticationTest.html?csrf' \
-H 'User-Agent: python-requests/2.25.1' \
-H 'Accept-Encoding: gzip, deflate' \
-H 'Accept: */*' \
-H 'Connection: keep-alive' \
-H 'Authorization: Basic OjM5OTYwNDc4MjI5NDI3MzYzNjQ=' \
-d '' 

2024-03-24 13:16:34 INFO [32mpytest tests/backend/test_create_build_config.py::TestBuildConfig::test_build_config_not_created_without_required_parameters[project] (setup)[0m
curl -X POST 'http://localhost:8111/app/rest/projects' \
-H 'User-Agent: python-requests/2.25.1' \
-H 'Accept-Encoding: gzip, deflate' \
-H 'Accept: application/json' \
-H 'Connection: keep-alive' \
-H 'Content-Type: application/json' \
-H 'X-TC-CSRF-Token: 17cee5b6-5b94-4c9e-97cf-f2515de0ddbb' \
-H 'Cookie: RecentLogin=; TCSESSIONID=CE7E395F6BC67BBAD0666B5826D586C8' \
-H 'Content-Length: 116' \
-H 'Authorization: Basic OjM5OTYwNDc4MjI5NDI3MzYzNjQ=' \
-d '{"parentProject": {"locator": "_Root"}, "name": "TV", "id": "YHJQzFhoC0oProject", "copyAllAssociatedSettings": true}'
2024-03-24 13:16:34 INFO [32mpytest tests/backend/test_create_build_config.py::TestBuildConfig::test_build_config_not_created_without_required_parameters[project][0m
curl -X POST 'http://localhost:8111/app/rest/buildTypes' \
-H 'User-Agent: python-requests/2.25.1' \
-H 'Accept-Encoding: gzip, deflate' \
-H 'Accept: application/json' \
-H 'Connection: keep-alive' \
-H 'Content-Type: application/json' \
-H 'X-TC-CSRF-Token: 17cee5b6-5b94-4c9e-97cf-f2515de0ddbb' \
-H 'Cookie: TCSESSIONID=CE7E395F6BC67BBAD0666B5826D586C8' \
-H 'Content-Length: 308' \
-H 'Authorization: Basic OjM5OTYwNDc4MjI5NDI3MzYzNjQ=' \
-d '{"id": "otH568FCPk6Build", "name": "wait", "steps": {"step": [{"name": "myCommandLineStep", "type": "simpleRunner", "properties": {"property": [{"name": "script.content", "value": "echo 'Hello World!'"}, {"name": "teamcity.step.mode", "value": "default"}, {"name": "use.custom.script", "value": "true"}]}}]}}' 

2024-03-24 13:16:34 INFO 	RESPONSE:
STATUS_CODE: [31m400[0m
DATA: [31mResponding with error, status code: 400 (Bad Request).
Details: jetbrains.buildServer.server.rest.errors.BadRequestException: Build type creation request should contain project node.
Invalid request. Please check the request URL and data are correct.[0m
2024-03-24 13:16:34 INFO [32mpytest tests/backend/test_create_build_config.py::TestBuildConfig::test_build_config_not_created_without_required_parameters[project][0m
curl -X GET 'http://localhost:8111/app/rest/buildTypes' \
-H 'User-Agent: python-requests/2.25.1' \
-H 'Accept-Encoding: gzip, deflate' \
-H 'Accept: application/json' \
-H 'Connection: keep-alive' \
-H 'Content-Type: application/json' \
-H 'X-TC-CSRF-Token: 17cee5b6-5b94-4c9e-97cf-f2515de0ddbb' \
-H 'Cookie: TCSESSIONID=CE7E395F6BC67BBAD0666B5826D586C8' \
-H 'Authorization: Basic OjM5OTYwNDc4MjI5NDI3MzYzNjQ=' \
-d ''
2024-03-24 13:16:34 INFO [32mpytest tests/backend/test_create_build_config.py::TestBuildConfig::test_build_config_not_created_without_required_parameters[project] (teardown)[0m
curl -X GET 'http://localhost:8111/app/rest/projects' \
-H 'User-Agent: python-requests/2.25.1' \
-H 'Accept-Encoding: gzip, deflate' \
-H 'Accept: application/json' \
-H 'Connection: keep-alive' \
-H 'Content-Type: application/json' \
-H 'X-TC-CSRF-Token: 17cee5b6-5b94-4c9e-97cf-f2515de0ddbb' \
-H 'Cookie: TCSESSIONID=CE7E395F6BC67BBAD0666B5826D586C8' \
-H 'Authorization: Basic OjM5OTYwNDc4MjI5NDI3MzYzNjQ=' \
-d '' 

2024-03-24 13:16:34 INFO [32mpytest tests/backend/test_create_build_config.py::TestBuildConfig::test_build_config_not_created_without_required_parameters[project] (teardown)[0m
curl -X DELETE 'http://localhost:8111/app/rest/projects/id:YHJQzFhoC0oProject' \
-H 'User-Agent: python-requests/2.25.1' \
-H 'Accept-Encoding: gzip, deflate' \
-H 'Accept: application/json' \
-H 'Connection: keep-alive' \
-H 'Content-Type: application/json' \
-H 'X-TC-CSRF-Token: 17cee5b6-5b94-4c9e-97cf-f2515de0ddbb' \
-H 'Cookie: TCSESSIONID=CE7E395F6BC67BBAD0666B5826D586C8' \
-H 'Content-Length: 0' \
-H 'Authorization: Basic OjM5OTYwNDc4MjI5NDI3MzYzNjQ=' \
-d '' 

2024-03-24 13:16:34 INFO [32mpytest tests/backend/test_create_build_config.py::TestBuildConfig::test_build_config_not_created_without_required_parameters[project] (teardown)[0m
curl -X GET 'http://localhost:8111/app/rest/projects/YHJQzFhoC0oProject' \
-H 'User-Agent: python-requests/2.25.1' \
-H 'Accept-Encoding: gzip, deflate' \
-H 'Accept: application/json' \
-H 'Connection: keep-alive' \
-H 'Content-Type: application/json' \
-H 'X-TC-CSRF-Token: 17cee5b6-5b94-4c9e-97cf-f2515de0ddbb' \
-H 'Cookie: TCSESSIONID=CE7E395F6BC67BBAD0666B5826D586C8' \
-H 'Authorization: Basic OjM5OTYwNDc4MjI5NDI3MzYzNjQ=' \
-d '' 

2024-03-24 13:16:34 INFO 	RESPONSE:
STATUS_CODE: [31m404[0m
DATA: [31mResponding with error, status code: 404 (Not Found).
Details: jetbrains.buildServer.server.rest.errors.NotFoundException: No project found by name or internal/external id 'YHJQzFhoC0oProject'.
Could not find the entity requested. Check the reference is correct and the user has permissions to access the entity.[0m