2024-03-24 13:16:34 INFO [32mpytest tests/backend/test_create_build_config.py::TestBuildConfig::test_build_config_not_created_without_required_parameters[name] (setup)[0m
curl -X GET 'http://localhost:8111/authenticationTest.html?csrf' \
-H 'User-Agent: python-requests/2.25.1' \
-H 'Accept-Encoding: gzip, deflate' \
-H 'Accept: */*' \
-H 'Connection: keep-alive' \
-H 'Authorization: Basic OjM5OTYwNDc4MjI5NDI3MzYzNjQ=' \
-d '' 

2024-03-24 13:16:34 INFO [32mpytest tests/backend/test_create_build_config.py::TestBuildConfig::test_build_config_not_created_without_required_parameters[name] (setup)[0m
curl -X POST 'http://localhost:8111/app/rest/projects' \
-H 'User-Agent: python-requests/2.25.1' \
-H 'Accept-Encoding: gzip, deflate' \
-H 'Accept: application/json' \
-H 'Connection: keep-alive' \
-H 'Content-Type: application/json' \
-H 'X-TC-CSRF-Token: 4d924019-3939-42b9-a621-9d680cf43d66' \
-H 'Cookie: RecentLogin=; TCSESSIONID=25B4D08A082A9C9F7CE9174C3128A0DA' \
-H 'Content-Length: 124' \
-H 'Authorization: Basic OjM5OTYwNDc4MjI5NDI3MzYzNjQ=' \
-d '{"parentProject": {"locator": "_Root"}, "name": "everything", "id": "VZwp5W5JbdYProject", "copyAllAssociatedSettings": true}'
2024-03-24 13:16:34 INFO [32mpytest tests/backend/test_create_build_config.py::TestBuildConfig::test_build_config_not_created_without_required_parameters[name][0m
curl -X POST 'http://localhost:8111/app/rest/buildTypes' \
-H 'User-Agent: python-requests/2.25.1' \
-H 'Accept-Encoding: gzip, deflate' \
-H 'Accept: application/json' \
-H 'Connection: keep-alive' \
-H 'Content-Type: application/json' \
-H 'X-TC-CSRF-Token: 4d924019-3939-42b9-a621-9d680cf43d66' \
-H 'Cookie: TCSESSIONID=25B4D08A082A9C9F7CE9174C3128A0DA' \
-H 'Content-Length: 333' \
-H 'Authorization: Basic OjM5OTYwNDc4MjI5NDI3MzYzNjQ=' \
-d '{"id": "R7N3l9sxnDRBuild", "project": {"id": "VZwp5W5JbdYProject"}, "steps": {"step": [{"name": "myCommandLineStep", "type": "simpleRunner", "properties": {"property": [{"name": "script.content", "value": "echo 'Hello World!'"}, {"name": "teamcity.step.mode", "value": "default"}, {"name": "use.custom.script", "value": "true"}]}}]}}' 

2024-03-24 13:16:34 INFO 	RESPONSE:
STATUS_CODE: [31m400[0m
DATA: [31mResponding with error, status code: 400 (Bad Request).
Details: jetbrains.buildServer.server.rest.errors.BadRequestException: When creating a build type, non empty name should be provided.
Invalid request. Please check the request URL and data are correct.[0m
2024-03-24 13:16:34 INFO [32mpytest tests/backend/test_create_build_config.py::TestBuildConfig::test_build_config_not_created_without_required_parameters[name][0m
curl -X GET 'http://localhost:8111/app/rest/buildTypes' \
-H 'User-Agent: python-requests/2.25.1' \
-H 'Accept-Encoding: gzip, deflate' \
-H 'Accept: application/json' \
-H 'Connection: keep-alive' \
-H 'Content-Type: application/json' \
-H 'X-TC-CSRF-Token: 4d924019-3939-42b9-a621-9d680cf43d66' \
-H 'Cookie: TCSESSIONID=25B4D08A082A9C9F7CE9174C3128A0DA' \
-H 'Authorization: Basic OjM5OTYwNDc4MjI5NDI3MzYzNjQ=' \
-d ''
2024-03-24 13:16:34 INFO [32mpytest tests/backend/test_create_build_config.py::TestBuildConfig::test_build_config_not_created_without_required_parameters[name] (teardown)[0m
curl -X GET 'http://localhost:8111/app/rest/projects' \
-H 'User-Agent: python-requests/2.25.1' \
-H 'Accept-Encoding: gzip, deflate' \
-H 'Accept: application/json' \
-H 'Connection: keep-alive' \
-H 'Content-Type: application/json' \
-H 'X-TC-CSRF-Token: 4d924019-3939-42b9-a621-9d680cf43d66' \
-H 'Cookie: TCSESSIONID=25B4D08A082A9C9F7CE9174C3128A0DA' \
-H 'Authorization: Basic OjM5OTYwNDc4MjI5NDI3MzYzNjQ=' \
-d '' 

2024-03-24 13:16:34 INFO [32mpytest tests/backend/test_create_build_config.py::TestBuildConfig::test_build_config_not_created_without_required_parameters[name] (teardown)[0m
curl -X DELETE 'http://localhost:8111/app/rest/projects/id:VZwp5W5JbdYProject' \
-H 'User-Agent: python-requests/2.25.1' \
-H 'Accept-Encoding: gzip, deflate' \
-H 'Accept: application/json' \
-H 'Connection: keep-alive' \
-H 'Content-Type: application/json' \
-H 'X-TC-CSRF-Token: 4d924019-3939-42b9-a621-9d680cf43d66' \
-H 'Cookie: TCSESSIONID=25B4D08A082A9C9F7CE9174C3128A0DA' \
-H 'Content-Length: 0' \
-H 'Authorization: Basic OjM5OTYwNDc4MjI5NDI3MzYzNjQ=' \
-d '' 

2024-03-24 13:16:34 INFO [32mpytest tests/backend/test_create_build_config.py::TestBuildConfig::test_build_config_not_created_without_required_parameters[name] (teardown)[0m
curl -X GET 'http://localhost:8111/app/rest/projects/VZwp5W5JbdYProject' \
-H 'User-Agent: python-requests/2.25.1' \
-H 'Accept-Encoding: gzip, deflate' \
-H 'Accept: application/json' \
-H 'Connection: keep-alive' \
-H 'Content-Type: application/json' \
-H 'X-TC-CSRF-Token: 4d924019-3939-42b9-a621-9d680cf43d66' \
-H 'Cookie: TCSESSIONID=25B4D08A082A9C9F7CE9174C3128A0DA' \
-H 'Authorization: Basic OjM5OTYwNDc4MjI5NDI3MzYzNjQ=' \
-d '' 

2024-03-24 13:16:34 INFO 	RESPONSE:
STATUS_CODE: [31m404[0m
DATA: [31mResponding with error, status code: 404 (Not Found).
Details: jetbrains.buildServer.server.rest.errors.NotFoundException: No project found by name or internal/external id 'VZwp5W5JbdYProject'.
Could not find the entity requested. Check the reference is correct and the user has permissions to access the entity.[0m