2024-03-26 18:59:07 INFO [32mpytest tests/backend/test_create_build_config.py::TestBuildConfig::test_build_config_not_created_without_required_parameters[name] (setup)[0m
curl -X GET 'http://localhost:8111/authenticationTest.html?csrf' \
-H 'User-Agent: python-requests/2.25.1' \
-H 'Accept-Encoding: gzip, deflate' \
-H 'Accept: */*' \
-H 'Connection: keep-alive' \
-H 'Authorization: Basic OjQyMTQ3NjI1NDc0NjY1OTc3NzY=' \
-d '' 

2024-03-26 18:59:07 INFO [32mpytest tests/backend/test_create_build_config.py::TestBuildConfig::test_build_config_not_created_without_required_parameters[name] (setup)[0m
curl -X POST 'http://localhost:8111/app/rest/projects' \
-H 'User-Agent: python-requests/2.25.1' \
-H 'Accept-Encoding: gzip, deflate' \
-H 'Accept: application/json' \
-H 'Connection: keep-alive' \
-H 'Content-Type: application/json' \
-H 'X-TC-CSRF-Token: a04c733c-670a-47eb-9d3f-8715b91a018a' \
-H 'Cookie: RecentLogin=; TCSESSIONID=37F6DAA196B9C36C94ADB83C9FBB17A9' \
-H 'Content-Length: 119' \
-H 'Authorization: Basic OjQyMTQ3NjI1NDc0NjY1OTc3NzY=' \
-d '{"parentProject": {"locator": "_Root"}, "name": "field", "id": "wEVAekX6IdcProject", "copyAllAssociatedSettings": true}'
2024-03-26 18:59:07 INFO [32mpytest tests/backend/test_create_build_config.py::TestBuildConfig::test_build_config_not_created_without_required_parameters[name][0m
curl -X POST 'http://localhost:8111/app/rest/buildTypes' \
-H 'User-Agent: python-requests/2.25.1' \
-H 'Accept-Encoding: gzip, deflate' \
-H 'Accept: application/json' \
-H 'Connection: keep-alive' \
-H 'Content-Type: application/json' \
-H 'X-TC-CSRF-Token: a04c733c-670a-47eb-9d3f-8715b91a018a' \
-H 'Cookie: TCSESSIONID=37F6DAA196B9C36C94ADB83C9FBB17A9' \
-H 'Content-Length: 333' \
-H 'Authorization: Basic OjQyMTQ3NjI1NDc0NjY1OTc3NzY=' \
-d '{"id": "lVchBM8s6tcBuild", "project": {"id": "wEVAekX6IdcProject"}, "steps": {"step": [{"name": "myCommandLineStep", "type": "simpleRunner", "properties": {"property": [{"name": "script.content", "value": "echo 'Hello World!'"}, {"name": "teamcity.step.mode", "value": "default"}, {"name": "use.custom.script", "value": "true"}]}}]}}' 

2024-03-26 18:59:07 INFO 	RESPONSE:
STATUS_CODE: [31m400[0m
DATA: [31mResponding with error, status code: 400 (Bad Request).
Details: jetbrains.buildServer.server.rest.errors.BadRequestException: When creating a build type, non empty name should be provided.
Invalid request. Please check the request URL and data are correct.[0m
2024-03-26 18:59:07 INFO [32mpytest tests/backend/test_create_build_config.py::TestBuildConfig::test_build_config_not_created_without_required_parameters[name][0m
curl -X GET 'http://localhost:8111/app/rest/buildTypes' \
-H 'User-Agent: python-requests/2.25.1' \
-H 'Accept-Encoding: gzip, deflate' \
-H 'Accept: application/json' \
-H 'Connection: keep-alive' \
-H 'Content-Type: application/json' \
-H 'X-TC-CSRF-Token: a04c733c-670a-47eb-9d3f-8715b91a018a' \
-H 'Cookie: TCSESSIONID=37F6DAA196B9C36C94ADB83C9FBB17A9' \
-H 'Authorization: Basic OjQyMTQ3NjI1NDc0NjY1OTc3NzY=' \
-d ''
2024-03-26 18:59:07 INFO [32mpytest tests/backend/test_create_build_config.py::TestBuildConfig::test_build_config_not_created_without_required_parameters[name] (teardown)[0m
curl -X GET 'http://localhost:8111/app/rest/projects' \
-H 'User-Agent: python-requests/2.25.1' \
-H 'Accept-Encoding: gzip, deflate' \
-H 'Accept: application/json' \
-H 'Connection: keep-alive' \
-H 'Content-Type: application/json' \
-H 'X-TC-CSRF-Token: a04c733c-670a-47eb-9d3f-8715b91a018a' \
-H 'Cookie: TCSESSIONID=37F6DAA196B9C36C94ADB83C9FBB17A9' \
-H 'Authorization: Basic OjQyMTQ3NjI1NDc0NjY1OTc3NzY=' \
-d '' 

2024-03-26 18:59:07 INFO [32mpytest tests/backend/test_create_build_config.py::TestBuildConfig::test_build_config_not_created_without_required_parameters[name] (teardown)[0m
curl -X DELETE 'http://localhost:8111/app/rest/projects/id:wEVAekX6IdcProject' \
-H 'User-Agent: python-requests/2.25.1' \
-H 'Accept-Encoding: gzip, deflate' \
-H 'Accept: application/json' \
-H 'Connection: keep-alive' \
-H 'Content-Type: application/json' \
-H 'X-TC-CSRF-Token: a04c733c-670a-47eb-9d3f-8715b91a018a' \
-H 'Cookie: TCSESSIONID=37F6DAA196B9C36C94ADB83C9FBB17A9' \
-H 'Content-Length: 0' \
-H 'Authorization: Basic OjQyMTQ3NjI1NDc0NjY1OTc3NzY=' \
-d '' 

2024-03-26 18:59:07 INFO [32mpytest tests/backend/test_create_build_config.py::TestBuildConfig::test_build_config_not_created_without_required_parameters[name] (teardown)[0m
curl -X GET 'http://localhost:8111/app/rest/projects/wEVAekX6IdcProject' \
-H 'User-Agent: python-requests/2.25.1' \
-H 'Accept-Encoding: gzip, deflate' \
-H 'Accept: application/json' \
-H 'Connection: keep-alive' \
-H 'Content-Type: application/json' \
-H 'X-TC-CSRF-Token: a04c733c-670a-47eb-9d3f-8715b91a018a' \
-H 'Cookie: TCSESSIONID=37F6DAA196B9C36C94ADB83C9FBB17A9' \
-H 'Authorization: Basic OjQyMTQ3NjI1NDc0NjY1OTc3NzY=' \
-d '' 

2024-03-26 18:59:07 INFO 	RESPONSE:
STATUS_CODE: [31m404[0m
DATA: [31mResponding with error, status code: 404 (Not Found).
Details: jetbrains.buildServer.server.rest.errors.NotFoundException: No project found by name or internal/external id 'wEVAekX6IdcProject'.
Could not find the entity requested. Check the reference is correct and the user has permissions to access the entity.[0m