2024-03-26 18:59:06 INFO [32mpytest tests/backend/test_create_build_config.py::TestBuildConfig::test_build_config_not_created_without_required_parameters[project] (setup)[0m
curl -X GET 'http://localhost:8111/authenticationTest.html?csrf' \
-H 'User-Agent: python-requests/2.25.1' \
-H 'Accept-Encoding: gzip, deflate' \
-H 'Accept: */*' \
-H 'Connection: keep-alive' \
-H 'Authorization: Basic OjQyMTQ3NjI1NDc0NjY1OTc3NzY=' \
-d '' 

2024-03-26 18:59:07 INFO [32mpytest tests/backend/test_create_build_config.py::TestBuildConfig::test_build_config_not_created_without_required_parameters[project] (setup)[0m
curl -X POST 'http://localhost:8111/app/rest/projects' \
-H 'User-Agent: python-requests/2.25.1' \
-H 'Accept-Encoding: gzip, deflate' \
-H 'Accept: application/json' \
-H 'Connection: keep-alive' \
-H 'Content-Type: application/json' \
-H 'X-TC-CSRF-Token: decff579-a4df-491c-bfd3-cf7af91e0877' \
-H 'Cookie: RecentLogin=; TCSESSIONID=25D09B085607D15471AADDDEBE7B7B61' \
-H 'Content-Length: 121' \
-H 'Authorization: Basic OjQyMTQ3NjI1NDc0NjY1OTc3NzY=' \
-d '{"parentProject": {"locator": "_Root"}, "name": "picture", "id": "jZAfgF49SLMProject", "copyAllAssociatedSettings": true}'
2024-03-26 18:59:07 INFO [32mpytest tests/backend/test_create_build_config.py::TestBuildConfig::test_build_config_not_created_without_required_parameters[project][0m
curl -X POST 'http://localhost:8111/app/rest/buildTypes' \
-H 'User-Agent: python-requests/2.25.1' \
-H 'Accept-Encoding: gzip, deflate' \
-H 'Accept: application/json' \
-H 'Connection: keep-alive' \
-H 'Content-Type: application/json' \
-H 'X-TC-CSRF-Token: decff579-a4df-491c-bfd3-cf7af91e0877' \
-H 'Cookie: TCSESSIONID=25D09B085607D15471AADDDEBE7B7B61' \
-H 'Content-Length: 310' \
-H 'Authorization: Basic OjQyMTQ3NjI1NDc0NjY1OTc3NzY=' \
-d '{"id": "yPpafhbZzxfBuild", "name": "course", "steps": {"step": [{"name": "myCommandLineStep", "type": "simpleRunner", "properties": {"property": [{"name": "script.content", "value": "echo 'Hello World!'"}, {"name": "teamcity.step.mode", "value": "default"}, {"name": "use.custom.script", "value": "true"}]}}]}}' 

2024-03-26 18:59:07 INFO 	RESPONSE:
STATUS_CODE: [31m400[0m
DATA: [31mResponding with error, status code: 400 (Bad Request).
Details: jetbrains.buildServer.server.rest.errors.BadRequestException: Build type creation request should contain project node.
Invalid request. Please check the request URL and data are correct.[0m
2024-03-26 18:59:07 INFO [32mpytest tests/backend/test_create_build_config.py::TestBuildConfig::test_build_config_not_created_without_required_parameters[project][0m
curl -X GET 'http://localhost:8111/app/rest/buildTypes' \
-H 'User-Agent: python-requests/2.25.1' \
-H 'Accept-Encoding: gzip, deflate' \
-H 'Accept: application/json' \
-H 'Connection: keep-alive' \
-H 'Content-Type: application/json' \
-H 'X-TC-CSRF-Token: decff579-a4df-491c-bfd3-cf7af91e0877' \
-H 'Cookie: TCSESSIONID=25D09B085607D15471AADDDEBE7B7B61' \
-H 'Authorization: Basic OjQyMTQ3NjI1NDc0NjY1OTc3NzY=' \
-d ''
2024-03-26 18:59:07 INFO [32mpytest tests/backend/test_create_build_config.py::TestBuildConfig::test_build_config_not_created_without_required_parameters[project] (teardown)[0m
curl -X GET 'http://localhost:8111/app/rest/projects' \
-H 'User-Agent: python-requests/2.25.1' \
-H 'Accept-Encoding: gzip, deflate' \
-H 'Accept: application/json' \
-H 'Connection: keep-alive' \
-H 'Content-Type: application/json' \
-H 'X-TC-CSRF-Token: decff579-a4df-491c-bfd3-cf7af91e0877' \
-H 'Cookie: TCSESSIONID=25D09B085607D15471AADDDEBE7B7B61' \
-H 'Authorization: Basic OjQyMTQ3NjI1NDc0NjY1OTc3NzY=' \
-d '' 

2024-03-26 18:59:07 INFO [32mpytest tests/backend/test_create_build_config.py::TestBuildConfig::test_build_config_not_created_without_required_parameters[project] (teardown)[0m
curl -X DELETE 'http://localhost:8111/app/rest/projects/id:jZAfgF49SLMProject' \
-H 'User-Agent: python-requests/2.25.1' \
-H 'Accept-Encoding: gzip, deflate' \
-H 'Accept: application/json' \
-H 'Connection: keep-alive' \
-H 'Content-Type: application/json' \
-H 'X-TC-CSRF-Token: decff579-a4df-491c-bfd3-cf7af91e0877' \
-H 'Cookie: TCSESSIONID=25D09B085607D15471AADDDEBE7B7B61' \
-H 'Content-Length: 0' \
-H 'Authorization: Basic OjQyMTQ3NjI1NDc0NjY1OTc3NzY=' \
-d '' 

2024-03-26 18:59:07 INFO [32mpytest tests/backend/test_create_build_config.py::TestBuildConfig::test_build_config_not_created_without_required_parameters[project] (teardown)[0m
curl -X GET 'http://localhost:8111/app/rest/projects/jZAfgF49SLMProject' \
-H 'User-Agent: python-requests/2.25.1' \
-H 'Accept-Encoding: gzip, deflate' \
-H 'Accept: application/json' \
-H 'Connection: keep-alive' \
-H 'Content-Type: application/json' \
-H 'X-TC-CSRF-Token: decff579-a4df-491c-bfd3-cf7af91e0877' \
-H 'Cookie: TCSESSIONID=25D09B085607D15471AADDDEBE7B7B61' \
-H 'Authorization: Basic OjQyMTQ3NjI1NDc0NjY1OTc3NzY=' \
-d '' 

2024-03-26 18:59:07 INFO 	RESPONSE:
STATUS_CODE: [31m404[0m
DATA: [31mResponding with error, status code: 404 (Not Found).
Details: jetbrains.buildServer.server.rest.errors.NotFoundException: No project found by name or internal/external id 'jZAfgF49SLMProject'.
Could not find the entity requested. Check the reference is correct and the user has permissions to access the entity.[0m