2024-03-24 13:35:57 INFO [32mpytest tests/backend/test_create_build_config.py::TestBuildConfig::test_build_config_not_created_without_required_parameters[name] (setup)[0m
curl -X GET 'http://localhost:8111/authenticationTest.html?csrf' \
-H 'User-Agent: python-requests/2.25.1' \
-H 'Accept-Encoding: gzip, deflate' \
-H 'Accept: */*' \
-H 'Connection: keep-alive' \
-H 'Authorization: Basic Ojg5MzM4NjAxMzk4NzY5NDM5NjA=' \
-d '' 

2024-03-24 13:35:57 INFO [32mpytest tests/backend/test_create_build_config.py::TestBuildConfig::test_build_config_not_created_without_required_parameters[name] (setup)[0m
curl -X POST 'http://localhost:8111/app/rest/projects' \
-H 'User-Agent: python-requests/2.25.1' \
-H 'Accept-Encoding: gzip, deflate' \
-H 'Accept: application/json' \
-H 'Connection: keep-alive' \
-H 'Content-Type: application/json' \
-H 'X-TC-CSRF-Token: a56b6d8b-b95b-4465-ba3b-4f817c33f4a3' \
-H 'Cookie: RecentLogin=; TCSESSIONID=E630E36652FFF2DEFEADBAB82D6D59EF' \
-H 'Content-Length: 119' \
-H 'Authorization: Basic Ojg5MzM4NjAxMzk4NzY5NDM5NjA=' \
-d '{"parentProject": {"locator": "_Root"}, "name": "price", "id": "fq6y6KnGVOvProject", "copyAllAssociatedSettings": true}'
2024-03-24 13:35:57 INFO [32mpytest tests/backend/test_create_build_config.py::TestBuildConfig::test_build_config_not_created_without_required_parameters[name][0m
curl -X POST 'http://localhost:8111/app/rest/buildTypes' \
-H 'User-Agent: python-requests/2.25.1' \
-H 'Accept-Encoding: gzip, deflate' \
-H 'Accept: application/json' \
-H 'Connection: keep-alive' \
-H 'Content-Type: application/json' \
-H 'X-TC-CSRF-Token: a56b6d8b-b95b-4465-ba3b-4f817c33f4a3' \
-H 'Cookie: TCSESSIONID=E630E36652FFF2DEFEADBAB82D6D59EF' \
-H 'Content-Length: 333' \
-H 'Authorization: Basic Ojg5MzM4NjAxMzk4NzY5NDM5NjA=' \
-d '{"id": "r3bgXAstVWVBuild", "project": {"id": "fq6y6KnGVOvProject"}, "steps": {"step": [{"name": "myCommandLineStep", "type": "simpleRunner", "properties": {"property": [{"name": "script.content", "value": "echo 'Hello World!'"}, {"name": "teamcity.step.mode", "value": "default"}, {"name": "use.custom.script", "value": "true"}]}}]}}' 

2024-03-24 13:35:57 INFO 	RESPONSE:
STATUS_CODE: [31m400[0m
DATA: [31mResponding with error, status code: 400 (Bad Request).
Details: jetbrains.buildServer.server.rest.errors.BadRequestException: When creating a build type, non empty name should be provided.
Invalid request. Please check the request URL and data are correct.[0m
2024-03-24 13:35:57 INFO [32mpytest tests/backend/test_create_build_config.py::TestBuildConfig::test_build_config_not_created_without_required_parameters[name][0m
curl -X GET 'http://localhost:8111/app/rest/buildTypes' \
-H 'User-Agent: python-requests/2.25.1' \
-H 'Accept-Encoding: gzip, deflate' \
-H 'Accept: application/json' \
-H 'Connection: keep-alive' \
-H 'Content-Type: application/json' \
-H 'X-TC-CSRF-Token: a56b6d8b-b95b-4465-ba3b-4f817c33f4a3' \
-H 'Cookie: TCSESSIONID=E630E36652FFF2DEFEADBAB82D6D59EF' \
-H 'Authorization: Basic Ojg5MzM4NjAxMzk4NzY5NDM5NjA=' \
-d ''
2024-03-24 13:35:57 INFO [32mpytest tests/backend/test_create_build_config.py::TestBuildConfig::test_build_config_not_created_without_required_parameters[name] (teardown)[0m
curl -X GET 'http://localhost:8111/app/rest/projects' \
-H 'User-Agent: python-requests/2.25.1' \
-H 'Accept-Encoding: gzip, deflate' \
-H 'Accept: application/json' \
-H 'Connection: keep-alive' \
-H 'Content-Type: application/json' \
-H 'X-TC-CSRF-Token: a56b6d8b-b95b-4465-ba3b-4f817c33f4a3' \
-H 'Cookie: TCSESSIONID=E630E36652FFF2DEFEADBAB82D6D59EF' \
-H 'Authorization: Basic Ojg5MzM4NjAxMzk4NzY5NDM5NjA=' \
-d '' 

2024-03-24 13:35:57 INFO [32mpytest tests/backend/test_create_build_config.py::TestBuildConfig::test_build_config_not_created_without_required_parameters[name] (teardown)[0m
curl -X DELETE 'http://localhost:8111/app/rest/projects/id:fq6y6KnGVOvProject' \
-H 'User-Agent: python-requests/2.25.1' \
-H 'Accept-Encoding: gzip, deflate' \
-H 'Accept: application/json' \
-H 'Connection: keep-alive' \
-H 'Content-Type: application/json' \
-H 'X-TC-CSRF-Token: a56b6d8b-b95b-4465-ba3b-4f817c33f4a3' \
-H 'Cookie: TCSESSIONID=E630E36652FFF2DEFEADBAB82D6D59EF' \
-H 'Content-Length: 0' \
-H 'Authorization: Basic Ojg5MzM4NjAxMzk4NzY5NDM5NjA=' \
-d '' 

2024-03-24 13:35:58 INFO [32mpytest tests/backend/test_create_build_config.py::TestBuildConfig::test_build_config_not_created_without_required_parameters[name] (teardown)[0m
curl -X GET 'http://localhost:8111/app/rest/projects/fq6y6KnGVOvProject' \
-H 'User-Agent: python-requests/2.25.1' \
-H 'Accept-Encoding: gzip, deflate' \
-H 'Accept: application/json' \
-H 'Connection: keep-alive' \
-H 'Content-Type: application/json' \
-H 'X-TC-CSRF-Token: a56b6d8b-b95b-4465-ba3b-4f817c33f4a3' \
-H 'Cookie: TCSESSIONID=E630E36652FFF2DEFEADBAB82D6D59EF' \
-H 'Authorization: Basic Ojg5MzM4NjAxMzk4NzY5NDM5NjA=' \
-d '' 

2024-03-24 13:35:58 INFO 	RESPONSE:
STATUS_CODE: [31m404[0m
DATA: [31mResponding with error, status code: 404 (Not Found).
Details: jetbrains.buildServer.server.rest.errors.NotFoundException: No project found by name or internal/external id 'fq6y6KnGVOvProject'.
Could not find the entity requested. Check the reference is correct and the user has permissions to access the entity.[0m