2024-03-24 13:35:58 INFO [32mpytest tests/backend/test_create_project.py::TestCreateProject::test_project_not_created_with_duplicated_name (setup)[0m
curl -X GET 'http://localhost:8111/authenticationTest.html?csrf' \
-H 'User-Agent: python-requests/2.25.1' \
-H 'Accept-Encoding: gzip, deflate' \
-H 'Accept: */*' \
-H 'Connection: keep-alive' \
-H 'Authorization: Basic Ojg5MzM4NjAxMzk4NzY5NDM5NjA=' \
-d ''
2024-03-24 13:35:58 INFO [32mpytest tests/backend/test_create_project.py::TestCreateProject::test_project_not_created_with_duplicated_name[0m
curl -X POST 'http://localhost:8111/app/rest/projects' \
-H 'User-Agent: python-requests/2.25.1' \
-H 'Accept-Encoding: gzip, deflate' \
-H 'Accept: application/json' \
-H 'Connection: keep-alive' \
-H 'Content-Type: application/json' \
-H 'X-TC-CSRF-Token: bb32a5e9-2653-4976-991a-71eef6155e26' \
-H 'Cookie: RecentLogin=; TCSESSIONID=BA15E815B3734367A6C47AF6B9966D8F' \
-H 'Content-Length: 117' \
-H 'Authorization: Basic Ojg5MzM4NjAxMzk4NzY5NDM5NjA=' \
-d '{"parentProject": {"locator": "_Root"}, "name": "you", "id": "rumJPKkKnSvProject", "copyAllAssociatedSettings": true}' 

2024-03-24 13:35:58 INFO [32mpytest tests/backend/test_create_project.py::TestCreateProject::test_project_not_created_with_duplicated_name[0m
curl -X POST 'http://localhost:8111/app/rest/projects' \
-H 'User-Agent: python-requests/2.25.1' \
-H 'Accept-Encoding: gzip, deflate' \
-H 'Accept: application/json' \
-H 'Connection: keep-alive' \
-H 'Content-Type: application/json' \
-H 'X-TC-CSRF-Token: bb32a5e9-2653-4976-991a-71eef6155e26' \
-H 'Cookie: TCSESSIONID=BA15E815B3734367A6C47AF6B9966D8F' \
-H 'Content-Length: 117' \
-H 'Authorization: Basic Ojg5MzM4NjAxMzk4NzY5NDM5NjA=' \
-d '{"parentProject": {"locator": "_Root"}, "name": "you", "id": "Vy1M1OqwniLProject", "copyAllAssociatedSettings": true}' 

2024-03-24 13:35:58 INFO 	RESPONSE:
STATUS_CODE: [31m400[0m
DATA: [31mResponding with error, status code: 400 (Bad Request).
Details: jetbrains.buildServer.serverSide.DuplicateProjectNameException: Project with this name already exists: you
Error occurred while processing this request.[0m
2024-03-24 13:35:58 INFO [32mpytest tests/backend/test_create_project.py::TestCreateProject::test_project_not_created_with_duplicated_name[0m
curl -X GET 'http://localhost:8111/app/rest/projects' \
-H 'User-Agent: python-requests/2.25.1' \
-H 'Accept-Encoding: gzip, deflate' \
-H 'Accept: application/json' \
-H 'Connection: keep-alive' \
-H 'Content-Type: application/json' \
-H 'X-TC-CSRF-Token: bb32a5e9-2653-4976-991a-71eef6155e26' \
-H 'Cookie: TCSESSIONID=BA15E815B3734367A6C47AF6B9966D8F' \
-H 'Authorization: Basic Ojg5MzM4NjAxMzk4NzY5NDM5NjA=' \
-d ''
2024-03-24 13:35:58 INFO [32mpytest tests/backend/test_create_project.py::TestCreateProject::test_project_not_created_with_duplicated_name (teardown)[0m
curl -X GET 'http://localhost:8111/app/rest/projects' \
-H 'User-Agent: python-requests/2.25.1' \
-H 'Accept-Encoding: gzip, deflate' \
-H 'Accept: application/json' \
-H 'Connection: keep-alive' \
-H 'Content-Type: application/json' \
-H 'X-TC-CSRF-Token: bb32a5e9-2653-4976-991a-71eef6155e26' \
-H 'Cookie: TCSESSIONID=BA15E815B3734367A6C47AF6B9966D8F' \
-H 'Authorization: Basic Ojg5MzM4NjAxMzk4NzY5NDM5NjA=' \
-d '' 

2024-03-24 13:35:58 INFO [32mpytest tests/backend/test_create_project.py::TestCreateProject::test_project_not_created_with_duplicated_name (teardown)[0m
curl -X DELETE 'http://localhost:8111/app/rest/projects/id:rumJPKkKnSvProject' \
-H 'User-Agent: python-requests/2.25.1' \
-H 'Accept-Encoding: gzip, deflate' \
-H 'Accept: application/json' \
-H 'Connection: keep-alive' \
-H 'Content-Type: application/json' \
-H 'X-TC-CSRF-Token: bb32a5e9-2653-4976-991a-71eef6155e26' \
-H 'Cookie: TCSESSIONID=BA15E815B3734367A6C47AF6B9966D8F' \
-H 'Content-Length: 0' \
-H 'Authorization: Basic Ojg5MzM4NjAxMzk4NzY5NDM5NjA=' \
-d '' 

2024-03-24 13:35:58 INFO [32mpytest tests/backend/test_create_project.py::TestCreateProject::test_project_not_created_with_duplicated_name (teardown)[0m
curl -X GET 'http://localhost:8111/app/rest/projects/rumJPKkKnSvProject' \
-H 'User-Agent: python-requests/2.25.1' \
-H 'Accept-Encoding: gzip, deflate' \
-H 'Accept: application/json' \
-H 'Connection: keep-alive' \
-H 'Content-Type: application/json' \
-H 'X-TC-CSRF-Token: bb32a5e9-2653-4976-991a-71eef6155e26' \
-H 'Cookie: TCSESSIONID=BA15E815B3734367A6C47AF6B9966D8F' \
-H 'Authorization: Basic Ojg5MzM4NjAxMzk4NzY5NDM5NjA=' \
-d '' 

2024-03-24 13:35:58 INFO 	RESPONSE:
STATUS_CODE: [31m404[0m
DATA: [31mResponding with error, status code: 404 (Not Found).
Details: jetbrains.buildServer.server.rest.errors.NotFoundException: No project found by name or internal/external id 'rumJPKkKnSvProject'.
Could not find the entity requested. Check the reference is correct and the user has permissions to access the entity.[0m
2024-03-24 13:35:58 INFO [32mpytest tests/backend/test_create_project.py::TestCreateProject::test_project_not_created_with_duplicated_name (teardown)[0m
curl -X GET 'http://localhost:8111/app/rest/projects' \
-H 'User-Agent: python-requests/2.25.1' \
-H 'Accept-Encoding: gzip, deflate' \
-H 'Accept: application/json' \
-H 'Connection: keep-alive' \
-H 'Content-Type: application/json' \
-H 'X-TC-CSRF-Token: bb32a5e9-2653-4976-991a-71eef6155e26' \
-H 'Cookie: TCSESSIONID=BA15E815B3734367A6C47AF6B9966D8F' \
-H 'Authorization: Basic Ojg5MzM4NjAxMzk4NzY5NDM5NjA=' \
-d ''