2024-03-26 21:19:07 INFO [32mpytest tests/backend/test_create_build_config.py::TestBuildConfig::test_build_config_not_created_without_required_parameters[name] (setup)[0m
curl -X GET 'http://localhost:8111/authenticationTest.html?csrf' \
-H 'User-Agent: python-requests/2.25.1' \
-H 'Accept-Encoding: gzip, deflate' \
-H 'Accept: */*' \
-H 'Connection: keep-alive' \
-H 'Authorization: Basic OjY1Nzc1ODA2MTY1ODY3MDQzMDE=' \
-d '' 

2024-03-26 21:19:07 INFO [32mpytest tests/backend/test_create_build_config.py::TestBuildConfig::test_build_config_not_created_without_required_parameters[name] (setup)[0m
curl -X POST 'http://localhost:8111/app/rest/projects' \
-H 'User-Agent: python-requests/2.25.1' \
-H 'Accept-Encoding: gzip, deflate' \
-H 'Accept: application/json' \
-H 'Connection: keep-alive' \
-H 'Content-Type: application/json' \
-H 'X-TC-CSRF-Token: 0c9a85f9-e6a5-4c8f-8b2e-6904c9948861' \
-H 'Cookie: RecentLogin=; TCSESSIONID=98A1F088999BDF65445FC8F135EB6AEC' \
-H 'Content-Length: 117' \
-H 'Authorization: Basic OjY1Nzc1ODA2MTY1ODY3MDQzMDE=' \
-d '{"parentProject": {"locator": "_Root"}, "name": "who", "id": "l4sD2TIwwerProject", "copyAllAssociatedSettings": true}'
2024-03-26 21:19:07 INFO [32mpytest tests/backend/test_create_build_config.py::TestBuildConfig::test_build_config_not_created_without_required_parameters[name][0m
curl -X POST 'http://localhost:8111/app/rest/buildTypes' \
-H 'User-Agent: python-requests/2.25.1' \
-H 'Accept-Encoding: gzip, deflate' \
-H 'Accept: application/json' \
-H 'Connection: keep-alive' \
-H 'Content-Type: application/json' \
-H 'X-TC-CSRF-Token: 0c9a85f9-e6a5-4c8f-8b2e-6904c9948861' \
-H 'Cookie: TCSESSIONID=98A1F088999BDF65445FC8F135EB6AEC' \
-H 'Content-Length: 333' \
-H 'Authorization: Basic OjY1Nzc1ODA2MTY1ODY3MDQzMDE=' \
-d '{"id": "W7MfKFJVFp8Build", "project": {"id": "l4sD2TIwwerProject"}, "steps": {"step": [{"name": "myCommandLineStep", "type": "simpleRunner", "properties": {"property": [{"name": "script.content", "value": "echo 'Hello World!'"}, {"name": "teamcity.step.mode", "value": "default"}, {"name": "use.custom.script", "value": "true"}]}}]}}' 

2024-03-26 21:19:07 INFO 	RESPONSE:
STATUS_CODE: [31m400[0m
DATA: [31mResponding with error, status code: 400 (Bad Request).
Details: jetbrains.buildServer.server.rest.errors.BadRequestException: When creating a build type, non empty name should be provided.
Invalid request. Please check the request URL and data are correct.[0m
2024-03-26 21:19:07 INFO [32mpytest tests/backend/test_create_build_config.py::TestBuildConfig::test_build_config_not_created_without_required_parameters[name][0m
curl -X GET 'http://localhost:8111/app/rest/buildTypes' \
-H 'User-Agent: python-requests/2.25.1' \
-H 'Accept-Encoding: gzip, deflate' \
-H 'Accept: application/json' \
-H 'Connection: keep-alive' \
-H 'Content-Type: application/json' \
-H 'X-TC-CSRF-Token: 0c9a85f9-e6a5-4c8f-8b2e-6904c9948861' \
-H 'Cookie: TCSESSIONID=98A1F088999BDF65445FC8F135EB6AEC' \
-H 'Authorization: Basic OjY1Nzc1ODA2MTY1ODY3MDQzMDE=' \
-d ''
2024-03-26 21:19:07 INFO [32mpytest tests/backend/test_create_build_config.py::TestBuildConfig::test_build_config_not_created_without_required_parameters[name] (teardown)[0m
curl -X GET 'http://localhost:8111/app/rest/projects' \
-H 'User-Agent: python-requests/2.25.1' \
-H 'Accept-Encoding: gzip, deflate' \
-H 'Accept: application/json' \
-H 'Connection: keep-alive' \
-H 'Content-Type: application/json' \
-H 'X-TC-CSRF-Token: 0c9a85f9-e6a5-4c8f-8b2e-6904c9948861' \
-H 'Cookie: TCSESSIONID=98A1F088999BDF65445FC8F135EB6AEC' \
-H 'Authorization: Basic OjY1Nzc1ODA2MTY1ODY3MDQzMDE=' \
-d '' 

2024-03-26 21:19:07 INFO [32mpytest tests/backend/test_create_build_config.py::TestBuildConfig::test_build_config_not_created_without_required_parameters[name] (teardown)[0m
curl -X DELETE 'http://localhost:8111/app/rest/projects/id:l4sD2TIwwerProject' \
-H 'User-Agent: python-requests/2.25.1' \
-H 'Accept-Encoding: gzip, deflate' \
-H 'Accept: application/json' \
-H 'Connection: keep-alive' \
-H 'Content-Type: application/json' \
-H 'X-TC-CSRF-Token: 0c9a85f9-e6a5-4c8f-8b2e-6904c9948861' \
-H 'Cookie: TCSESSIONID=98A1F088999BDF65445FC8F135EB6AEC' \
-H 'Content-Length: 0' \
-H 'Authorization: Basic OjY1Nzc1ODA2MTY1ODY3MDQzMDE=' \
-d '' 

2024-03-26 21:19:07 INFO [32mpytest tests/backend/test_create_build_config.py::TestBuildConfig::test_build_config_not_created_without_required_parameters[name] (teardown)[0m
curl -X GET 'http://localhost:8111/app/rest/projects/l4sD2TIwwerProject' \
-H 'User-Agent: python-requests/2.25.1' \
-H 'Accept-Encoding: gzip, deflate' \
-H 'Accept: application/json' \
-H 'Connection: keep-alive' \
-H 'Content-Type: application/json' \
-H 'X-TC-CSRF-Token: 0c9a85f9-e6a5-4c8f-8b2e-6904c9948861' \
-H 'Cookie: TCSESSIONID=98A1F088999BDF65445FC8F135EB6AEC' \
-H 'Authorization: Basic OjY1Nzc1ODA2MTY1ODY3MDQzMDE=' \
-d '' 

2024-03-26 21:19:07 INFO 	RESPONSE:
STATUS_CODE: [31m404[0m
DATA: [31mResponding with error, status code: 404 (Not Found).
Details: jetbrains.buildServer.server.rest.errors.NotFoundException: No project found by name or internal/external id 'l4sD2TIwwerProject'.
Could not find the entity requested. Check the reference is correct and the user has permissions to access the entity.[0m