2024-03-26 20:45:56 INFO [32mpytest tests/backend/test_create_build_config.py::TestBuildConfig::test_build_config_not_created_without_required_parameters[project] (setup)[0m
curl -X GET 'http://localhost:8111/authenticationTest.html?csrf' \
-H 'User-Agent: python-requests/2.25.1' \
-H 'Accept-Encoding: gzip, deflate' \
-H 'Accept: */*' \
-H 'Connection: keep-alive' \
-H 'Authorization: Basic OjE0NDQ5ODQ2NjExNDY1NjUzODE=' \
-d '' 

2024-03-26 20:45:56 INFO [32mpytest tests/backend/test_create_build_config.py::TestBuildConfig::test_build_config_not_created_without_required_parameters[project] (setup)[0m
curl -X POST 'http://localhost:8111/app/rest/projects' \
-H 'User-Agent: python-requests/2.25.1' \
-H 'Accept-Encoding: gzip, deflate' \
-H 'Accept: application/json' \
-H 'Connection: keep-alive' \
-H 'Content-Type: application/json' \
-H 'X-TC-CSRF-Token: a1419bde-16df-408f-a375-6870530be96f' \
-H 'Cookie: RecentLogin=; TCSESSIONID=AE66C442385C9B5788B936228B7B8ABE' \
-H 'Content-Length: 118' \
-H 'Authorization: Basic OjE0NDQ5ODQ2NjExNDY1NjUzODE=' \
-d '{"parentProject": {"locator": "_Root"}, "name": "away", "id": "mXBzocJInz6Project", "copyAllAssociatedSettings": true}'
2024-03-26 20:45:56 INFO [32mpytest tests/backend/test_create_build_config.py::TestBuildConfig::test_build_config_not_created_without_required_parameters[project][0m
curl -X POST 'http://localhost:8111/app/rest/buildTypes' \
-H 'User-Agent: python-requests/2.25.1' \
-H 'Accept-Encoding: gzip, deflate' \
-H 'Accept: application/json' \
-H 'Connection: keep-alive' \
-H 'Content-Type: application/json' \
-H 'X-TC-CSRF-Token: a1419bde-16df-408f-a375-6870530be96f' \
-H 'Cookie: TCSESSIONID=AE66C442385C9B5788B936228B7B8ABE' \
-H 'Content-Length: 312' \
-H 'Authorization: Basic OjE0NDQ5ODQ2NjExNDY1NjUzODE=' \
-d '{"id": "YfCiWla4GVhBuild", "name": "southern", "steps": {"step": [{"name": "myCommandLineStep", "type": "simpleRunner", "properties": {"property": [{"name": "script.content", "value": "echo 'Hello World!'"}, {"name": "teamcity.step.mode", "value": "default"}, {"name": "use.custom.script", "value": "true"}]}}]}}' 

2024-03-26 20:45:56 INFO 	RESPONSE:
STATUS_CODE: [31m400[0m
DATA: [31mResponding with error, status code: 400 (Bad Request).
Details: jetbrains.buildServer.server.rest.errors.BadRequestException: Build type creation request should contain project node.
Invalid request. Please check the request URL and data are correct.[0m
2024-03-26 20:45:56 INFO [32mpytest tests/backend/test_create_build_config.py::TestBuildConfig::test_build_config_not_created_without_required_parameters[project][0m
curl -X GET 'http://localhost:8111/app/rest/buildTypes' \
-H 'User-Agent: python-requests/2.25.1' \
-H 'Accept-Encoding: gzip, deflate' \
-H 'Accept: application/json' \
-H 'Connection: keep-alive' \
-H 'Content-Type: application/json' \
-H 'X-TC-CSRF-Token: a1419bde-16df-408f-a375-6870530be96f' \
-H 'Cookie: TCSESSIONID=AE66C442385C9B5788B936228B7B8ABE' \
-H 'Authorization: Basic OjE0NDQ5ODQ2NjExNDY1NjUzODE=' \
-d ''
2024-03-26 20:45:56 INFO [32mpytest tests/backend/test_create_build_config.py::TestBuildConfig::test_build_config_not_created_without_required_parameters[project] (teardown)[0m
curl -X GET 'http://localhost:8111/app/rest/projects' \
-H 'User-Agent: python-requests/2.25.1' \
-H 'Accept-Encoding: gzip, deflate' \
-H 'Accept: application/json' \
-H 'Connection: keep-alive' \
-H 'Content-Type: application/json' \
-H 'X-TC-CSRF-Token: a1419bde-16df-408f-a375-6870530be96f' \
-H 'Cookie: TCSESSIONID=AE66C442385C9B5788B936228B7B8ABE' \
-H 'Authorization: Basic OjE0NDQ5ODQ2NjExNDY1NjUzODE=' \
-d '' 

2024-03-26 20:45:56 INFO [32mpytest tests/backend/test_create_build_config.py::TestBuildConfig::test_build_config_not_created_without_required_parameters[project] (teardown)[0m
curl -X DELETE 'http://localhost:8111/app/rest/projects/id:mXBzocJInz6Project' \
-H 'User-Agent: python-requests/2.25.1' \
-H 'Accept-Encoding: gzip, deflate' \
-H 'Accept: application/json' \
-H 'Connection: keep-alive' \
-H 'Content-Type: application/json' \
-H 'X-TC-CSRF-Token: a1419bde-16df-408f-a375-6870530be96f' \
-H 'Cookie: TCSESSIONID=AE66C442385C9B5788B936228B7B8ABE' \
-H 'Content-Length: 0' \
-H 'Authorization: Basic OjE0NDQ5ODQ2NjExNDY1NjUzODE=' \
-d '' 

2024-03-26 20:45:56 INFO [32mpytest tests/backend/test_create_build_config.py::TestBuildConfig::test_build_config_not_created_without_required_parameters[project] (teardown)[0m
curl -X GET 'http://localhost:8111/app/rest/projects/mXBzocJInz6Project' \
-H 'User-Agent: python-requests/2.25.1' \
-H 'Accept-Encoding: gzip, deflate' \
-H 'Accept: application/json' \
-H 'Connection: keep-alive' \
-H 'Content-Type: application/json' \
-H 'X-TC-CSRF-Token: a1419bde-16df-408f-a375-6870530be96f' \
-H 'Cookie: TCSESSIONID=AE66C442385C9B5788B936228B7B8ABE' \
-H 'Authorization: Basic OjE0NDQ5ODQ2NjExNDY1NjUzODE=' \
-d '' 

2024-03-26 20:45:56 INFO 	RESPONSE:
STATUS_CODE: [31m404[0m
DATA: [31mResponding with error, status code: 404 (Not Found).
Details: jetbrains.buildServer.server.rest.errors.NotFoundException: No project found by name or internal/external id 'mXBzocJInz6Project'.
Could not find the entity requested. Check the reference is correct and the user has permissions to access the entity.[0m