2024-03-26 20:45:56 INFO [32mpytest tests/backend/test_create_build_config.py::TestBuildConfig::test_build_config_not_created_without_required_parameters[name] (setup)[0m
curl -X GET 'http://localhost:8111/authenticationTest.html?csrf' \
-H 'User-Agent: python-requests/2.25.1' \
-H 'Accept-Encoding: gzip, deflate' \
-H 'Accept: */*' \
-H 'Connection: keep-alive' \
-H 'Authorization: Basic OjE0NDQ5ODQ2NjExNDY1NjUzODE=' \
-d '' 

2024-03-26 20:45:56 INFO [32mpytest tests/backend/test_create_build_config.py::TestBuildConfig::test_build_config_not_created_without_required_parameters[name] (setup)[0m
curl -X POST 'http://localhost:8111/app/rest/projects' \
-H 'User-Agent: python-requests/2.25.1' \
-H 'Accept-Encoding: gzip, deflate' \
-H 'Accept: application/json' \
-H 'Connection: keep-alive' \
-H 'Content-Type: application/json' \
-H 'X-TC-CSRF-Token: 3ec0245b-128c-41a4-af33-d250f3494058' \
-H 'Cookie: RecentLogin=; TCSESSIONID=D50AC670A05E256C4C441047CBB7B84C' \
-H 'Content-Length: 122' \
-H 'Authorization: Basic OjE0NDQ5ODQ2NjExNDY1NjUzODE=' \
-d '{"parentProject": {"locator": "_Root"}, "name": "indicate", "id": "ioTSl2Njh4OProject", "copyAllAssociatedSettings": true}'
2024-03-26 20:45:56 INFO [32mpytest tests/backend/test_create_build_config.py::TestBuildConfig::test_build_config_not_created_without_required_parameters[name][0m
curl -X POST 'http://localhost:8111/app/rest/buildTypes' \
-H 'User-Agent: python-requests/2.25.1' \
-H 'Accept-Encoding: gzip, deflate' \
-H 'Accept: application/json' \
-H 'Connection: keep-alive' \
-H 'Content-Type: application/json' \
-H 'X-TC-CSRF-Token: 3ec0245b-128c-41a4-af33-d250f3494058' \
-H 'Cookie: TCSESSIONID=D50AC670A05E256C4C441047CBB7B84C' \
-H 'Content-Length: 333' \
-H 'Authorization: Basic OjE0NDQ5ODQ2NjExNDY1NjUzODE=' \
-d '{"id": "rslFuAAB1wJBuild", "project": {"id": "ioTSl2Njh4OProject"}, "steps": {"step": [{"name": "myCommandLineStep", "type": "simpleRunner", "properties": {"property": [{"name": "script.content", "value": "echo 'Hello World!'"}, {"name": "teamcity.step.mode", "value": "default"}, {"name": "use.custom.script", "value": "true"}]}}]}}' 

2024-03-26 20:45:56 INFO 	RESPONSE:
STATUS_CODE: [31m400[0m
DATA: [31mResponding with error, status code: 400 (Bad Request).
Details: jetbrains.buildServer.server.rest.errors.BadRequestException: When creating a build type, non empty name should be provided.
Invalid request. Please check the request URL and data are correct.[0m
2024-03-26 20:45:56 INFO [32mpytest tests/backend/test_create_build_config.py::TestBuildConfig::test_build_config_not_created_without_required_parameters[name][0m
curl -X GET 'http://localhost:8111/app/rest/buildTypes' \
-H 'User-Agent: python-requests/2.25.1' \
-H 'Accept-Encoding: gzip, deflate' \
-H 'Accept: application/json' \
-H 'Connection: keep-alive' \
-H 'Content-Type: application/json' \
-H 'X-TC-CSRF-Token: 3ec0245b-128c-41a4-af33-d250f3494058' \
-H 'Cookie: TCSESSIONID=D50AC670A05E256C4C441047CBB7B84C' \
-H 'Authorization: Basic OjE0NDQ5ODQ2NjExNDY1NjUzODE=' \
-d ''
2024-03-26 20:45:57 INFO [32mpytest tests/backend/test_create_build_config.py::TestBuildConfig::test_build_config_not_created_without_required_parameters[name] (teardown)[0m
curl -X GET 'http://localhost:8111/app/rest/projects' \
-H 'User-Agent: python-requests/2.25.1' \
-H 'Accept-Encoding: gzip, deflate' \
-H 'Accept: application/json' \
-H 'Connection: keep-alive' \
-H 'Content-Type: application/json' \
-H 'X-TC-CSRF-Token: 3ec0245b-128c-41a4-af33-d250f3494058' \
-H 'Cookie: TCSESSIONID=D50AC670A05E256C4C441047CBB7B84C' \
-H 'Authorization: Basic OjE0NDQ5ODQ2NjExNDY1NjUzODE=' \
-d '' 

2024-03-26 20:45:57 INFO [32mpytest tests/backend/test_create_build_config.py::TestBuildConfig::test_build_config_not_created_without_required_parameters[name] (teardown)[0m
curl -X DELETE 'http://localhost:8111/app/rest/projects/id:ioTSl2Njh4OProject' \
-H 'User-Agent: python-requests/2.25.1' \
-H 'Accept-Encoding: gzip, deflate' \
-H 'Accept: application/json' \
-H 'Connection: keep-alive' \
-H 'Content-Type: application/json' \
-H 'X-TC-CSRF-Token: 3ec0245b-128c-41a4-af33-d250f3494058' \
-H 'Cookie: TCSESSIONID=D50AC670A05E256C4C441047CBB7B84C' \
-H 'Content-Length: 0' \
-H 'Authorization: Basic OjE0NDQ5ODQ2NjExNDY1NjUzODE=' \
-d '' 

2024-03-26 20:45:57 INFO [32mpytest tests/backend/test_create_build_config.py::TestBuildConfig::test_build_config_not_created_without_required_parameters[name] (teardown)[0m
curl -X GET 'http://localhost:8111/app/rest/projects/ioTSl2Njh4OProject' \
-H 'User-Agent: python-requests/2.25.1' \
-H 'Accept-Encoding: gzip, deflate' \
-H 'Accept: application/json' \
-H 'Connection: keep-alive' \
-H 'Content-Type: application/json' \
-H 'X-TC-CSRF-Token: 3ec0245b-128c-41a4-af33-d250f3494058' \
-H 'Cookie: TCSESSIONID=D50AC670A05E256C4C441047CBB7B84C' \
-H 'Authorization: Basic OjE0NDQ5ODQ2NjExNDY1NjUzODE=' \
-d '' 

2024-03-26 20:45:57 INFO 	RESPONSE:
STATUS_CODE: [31m404[0m
DATA: [31mResponding with error, status code: 404 (Not Found).
Details: jetbrains.buildServer.server.rest.errors.NotFoundException: No project found by name or internal/external id 'ioTSl2Njh4OProject'.
Could not find the entity requested. Check the reference is correct and the user has permissions to access the entity.[0m