2024-03-26 21:19:07 INFO [32mpytest tests/backend/test_create_project.py::TestCreateProject::test_project_not_created_with_duplicated_name (setup)[0m
curl -X GET 'http://localhost:8111/authenticationTest.html?csrf' \
-H 'User-Agent: python-requests/2.25.1' \
-H 'Accept-Encoding: gzip, deflate' \
-H 'Accept: */*' \
-H 'Connection: keep-alive' \
-H 'Authorization: Basic OjY1Nzc1ODA2MTY1ODY3MDQzMDE=' \
-d ''
2024-03-26 21:19:07 INFO [32mpytest tests/backend/test_create_project.py::TestCreateProject::test_project_not_created_with_duplicated_name[0m
curl -X POST 'http://localhost:8111/app/rest/projects' \
-H 'User-Agent: python-requests/2.25.1' \
-H 'Accept-Encoding: gzip, deflate' \
-H 'Accept: application/json' \
-H 'Connection: keep-alive' \
-H 'Content-Type: application/json' \
-H 'X-TC-CSRF-Token: bacccce9-baf4-43c7-99b9-b0deace37751' \
-H 'Cookie: RecentLogin=; TCSESSIONID=14E60322501ABF62A763786EEEA193AB' \
-H 'Content-Length: 124' \
-H 'Authorization: Basic OjY1Nzc1ODA2MTY1ODY3MDQzMDE=' \
-d '{"parentProject": {"locator": "_Root"}, "name": "everything", "id": "Av6DP6X0NPSProject", "copyAllAssociatedSettings": true}' 

2024-03-26 21:19:07 INFO [32mpytest tests/backend/test_create_project.py::TestCreateProject::test_project_not_created_with_duplicated_name[0m
curl -X POST 'http://localhost:8111/app/rest/projects' \
-H 'User-Agent: python-requests/2.25.1' \
-H 'Accept-Encoding: gzip, deflate' \
-H 'Accept: application/json' \
-H 'Connection: keep-alive' \
-H 'Content-Type: application/json' \
-H 'X-TC-CSRF-Token: bacccce9-baf4-43c7-99b9-b0deace37751' \
-H 'Cookie: TCSESSIONID=14E60322501ABF62A763786EEEA193AB' \
-H 'Content-Length: 124' \
-H 'Authorization: Basic OjY1Nzc1ODA2MTY1ODY3MDQzMDE=' \
-d '{"parentProject": {"locator": "_Root"}, "name": "everything", "id": "Lj4pGgfz2mSProject", "copyAllAssociatedSettings": true}' 

2024-03-26 21:19:07 INFO 	RESPONSE:
STATUS_CODE: [31m400[0m
DATA: [31mResponding with error, status code: 400 (Bad Request).
Details: jetbrains.buildServer.serverSide.DuplicateProjectNameException: Project with this name already exists: everything
Error occurred while processing this request.[0m
2024-03-26 21:19:07 INFO [32mpytest tests/backend/test_create_project.py::TestCreateProject::test_project_not_created_with_duplicated_name[0m
curl -X GET 'http://localhost:8111/app/rest/projects' \
-H 'User-Agent: python-requests/2.25.1' \
-H 'Accept-Encoding: gzip, deflate' \
-H 'Accept: application/json' \
-H 'Connection: keep-alive' \
-H 'Content-Type: application/json' \
-H 'X-TC-CSRF-Token: bacccce9-baf4-43c7-99b9-b0deace37751' \
-H 'Cookie: TCSESSIONID=14E60322501ABF62A763786EEEA193AB' \
-H 'Authorization: Basic OjY1Nzc1ODA2MTY1ODY3MDQzMDE=' \
-d ''
2024-03-26 21:19:07 INFO [32mpytest tests/backend/test_create_project.py::TestCreateProject::test_project_not_created_with_duplicated_name (teardown)[0m
curl -X GET 'http://localhost:8111/app/rest/projects' \
-H 'User-Agent: python-requests/2.25.1' \
-H 'Accept-Encoding: gzip, deflate' \
-H 'Accept: application/json' \
-H 'Connection: keep-alive' \
-H 'Content-Type: application/json' \
-H 'X-TC-CSRF-Token: bacccce9-baf4-43c7-99b9-b0deace37751' \
-H 'Cookie: TCSESSIONID=14E60322501ABF62A763786EEEA193AB' \
-H 'Authorization: Basic OjY1Nzc1ODA2MTY1ODY3MDQzMDE=' \
-d '' 

2024-03-26 21:19:07 INFO [32mpytest tests/backend/test_create_project.py::TestCreateProject::test_project_not_created_with_duplicated_name (teardown)[0m
curl -X DELETE 'http://localhost:8111/app/rest/projects/id:Av6DP6X0NPSProject' \
-H 'User-Agent: python-requests/2.25.1' \
-H 'Accept-Encoding: gzip, deflate' \
-H 'Accept: application/json' \
-H 'Connection: keep-alive' \
-H 'Content-Type: application/json' \
-H 'X-TC-CSRF-Token: bacccce9-baf4-43c7-99b9-b0deace37751' \
-H 'Cookie: TCSESSIONID=14E60322501ABF62A763786EEEA193AB' \
-H 'Content-Length: 0' \
-H 'Authorization: Basic OjY1Nzc1ODA2MTY1ODY3MDQzMDE=' \
-d '' 

2024-03-26 21:19:07 INFO [32mpytest tests/backend/test_create_project.py::TestCreateProject::test_project_not_created_with_duplicated_name (teardown)[0m
curl -X GET 'http://localhost:8111/app/rest/projects/Av6DP6X0NPSProject' \
-H 'User-Agent: python-requests/2.25.1' \
-H 'Accept-Encoding: gzip, deflate' \
-H 'Accept: application/json' \
-H 'Connection: keep-alive' \
-H 'Content-Type: application/json' \
-H 'X-TC-CSRF-Token: bacccce9-baf4-43c7-99b9-b0deace37751' \
-H 'Cookie: TCSESSIONID=14E60322501ABF62A763786EEEA193AB' \
-H 'Authorization: Basic OjY1Nzc1ODA2MTY1ODY3MDQzMDE=' \
-d '' 

2024-03-26 21:19:07 INFO 	RESPONSE:
STATUS_CODE: [31m404[0m
DATA: [31mResponding with error, status code: 404 (Not Found).
Details: jetbrains.buildServer.server.rest.errors.NotFoundException: No project found by name or internal/external id 'Av6DP6X0NPSProject'.
Could not find the entity requested. Check the reference is correct and the user has permissions to access the entity.[0m
2024-03-26 21:19:07 INFO [32mpytest tests/backend/test_create_project.py::TestCreateProject::test_project_not_created_with_duplicated_name (teardown)[0m
curl -X GET 'http://localhost:8111/app/rest/projects' \
-H 'User-Agent: python-requests/2.25.1' \
-H 'Accept-Encoding: gzip, deflate' \
-H 'Accept: application/json' \
-H 'Connection: keep-alive' \
-H 'Content-Type: application/json' \
-H 'X-TC-CSRF-Token: bacccce9-baf4-43c7-99b9-b0deace37751' \
-H 'Cookie: TCSESSIONID=14E60322501ABF62A763786EEEA193AB' \
-H 'Authorization: Basic OjY1Nzc1ODA2MTY1ODY3MDQzMDE=' \
-d ''